"../../../Mantiquen/Content/Blueprints/Characters/NPCs/Library/Enemies/AI_Enemy.uasset" 0
"../../../Mantiquen/Content/Blueprints/Characters/NPCs/Library/Enemies/I_Character_Enemy.uasset" 1
"../../../Engine/Content/EditorBlueprintResources/ActorMacros.uasset" 2
"../../../Mantiquen/Content/Props/Characters/Human/Human_Skeleton.uasset" 3
"../../../Mantiquen/Content/Blueprints/Characters/Main/Gunplay.uasset" 4
"../../../Mantiquen/Content/Props/Characters/Human/Human_Forward.uasset" 5
"../../../Mantiquen/Content/Props/Characters/Human/Human_Idle.uasset" 6
"../../../Mantiquen/Content/Props/Characters/Human/Human_MeleeAttack1.uasset" 7
"../../../Engine/Content/EditorBlueprintResources/StandardMacros.uasset" 8
"../../../Mantiquen/Content/Blueprints/Skills/I_Skill.uasset" 9
"../../../Mantiquen/Content/Blueprints/Skills/Skill_Structure.uasset" 10
"../../../Mantiquen/Content/Blueprints/Skills/Skill.uasset" 11
"../../../Mantiquen/Content/Blueprints/Characters/Character_AI.uasset" 12
"../../../Mantiquen/Content/Blueprints/Characters/I_Character.uasset" 13
"../../../Mantiquen/Content/Blueprints/Items/Item_Rarity_Types.uasset" 14
"../../../Mantiquen/Content/Blueprints/Items/Item_Types.uasset" 15
"../../../Mantiquen/Content/Blueprints/Items/Item_Info_Structure.uasset" 16
"../../../Mantiquen/Content/Blueprints/Inventory/Inventory_Slot_Structure.uasset" 17
"../../../Mantiquen/Content/Blueprints/Characters/Character_HP_Widget.uasset" 18
"../../../Mantiquen/Content/Blueprints/HUD/Components/I_Component_Widget.uasset" 19
"../../../Mantiquen/Content/Blueprints/HUD/Components/Component_Widget.uasset" 20
"../../../Mantiquen/Content/Blueprints/HUD/Components/Item/Item_Component_Tooltip_Widget.uasset" 21
"../../../Mantiquen/Content/Blueprints/HUD/Components/Item/Item_Component_Widget.uasset" 22
"../../../Mantiquen/Content/Blueprints/Core/Managers/Skills/Skill_State_Structure.uasset" 23
"../../../Mantiquen/Content/Blueprints/HUD/Components/Skill/Skill_Component_Widget.uasset" 24
"../../../Mantiquen/Content/Blueprints/Core/Managers/HotKeys/HotKeysManager.uasset" 25
"../../../Mantiquen/Content/Blueprints/Characters/NPCs/Quests/Quest_Reward_Structure.uasset" 26
"../../../Mantiquen/Content/Blueprints/Characters/NPCs/Quests/Quest_Hunt_Structure.uasset" 27
"../../../Mantiquen/Content/Blueprints/Characters/NPCs/Quests/Quest_Types.uasset" 28
"../../../Mantiquen/Content/Blueprints/Characters/NPCs/Quests/Quest_Structure.uasset" 29
"../../../Mantiquen/Content/Blueprints/Core/Attack_Animation_Names.uasset" 30
"../../../Mantiquen/Content/Blueprints/Core/Managers/Quests/QuestManager.uasset" 31
"../../../Mantiquen/Content/Blueprints/HUD/HotKeys/HotKeys_Slot_Widget.uasset" 32
"../../../Mantiquen/Content/Blueprints/HUD/HotKeys/HotKeys_Widget.uasset" 33
"../../../Mantiquen/Content/Blueprints/HUD/Quests/Quest_States.uasset" 34
"../../../Mantiquen/Content/Blueprints/HUD/Quests/Quests_Widget.uasset" 35
"../../../Mantiquen/Content/Blueprints/Inventory/Inventory_HUD.uasset" 36
"../../../Mantiquen/Content/Blueprints/HUD/Messages/Message_Widget.uasset" 37
"../../../Mantiquen/Content/Blueprints/HUD/Quests/Quest_Entry_Widget.uasset" 38
"../../../Mantiquen/Content/Blueprints/HUD/SkillsList/Skills_List_Widget.uasset" 39
"../../../Mantiquen/Content/Blueprints/HUD/HUDCore.uasset" 40
"../../../Mantiquen/Content/Blueprints/Skills/Library/Active/I_Skill_Active.uasset" 41
"../../../Mantiquen/Content/Blueprints/Skills/Library/Active/Skill_Active.uasset" 42
"../../../Mantiquen/Content/Blueprints/Cursors/Image_Cursor_Default.uasset" 43
"../../../Mantiquen/Content/Blueprints/Skills/Library/Active/Blink/Skill_Active_Blink.uasset" 44
"../../../Mantiquen/Content/Blueprints/Core/Managers/Skills/Skills_Manager.uasset" 45
"../../../Mantiquen/Content/Blueprints/HUD/SkillsList/Skill_Widget.uasset" 46
"../../../Mantiquen/Content/Blueprints/Core/Managers/Stats/StatsManager.uasset" 47
"../../../Mantiquen/Content/Blueprints/HUD/XP_Widget.uasset" 48
"../../../Mantiquen/Content/Blueprints/HUD/Master_Widget.uasset" 49
"../../../Mantiquen/Content/Levels/FreeForAll/Master_PlayerState.uasset" 50
"../../../Mantiquen/Content/Blueprints/Characters/ProxyPlayerCharacter.uasset" 51
"../../../Mantiquen/Content/Levels/FreeForAll/Spawner.uasset" 52
"../../../Mantiquen/Content/Blueprints/Cursors/Cursor_Types.uasset" 53
"../../../Mantiquen/Content/Blueprints/Cursors/Image_Cursor_Attack.uasset" 54
"../../../Mantiquen/Content/Blueprints/Cursors/Image_Cursor_Chat.uasset" 55
"../../../Mantiquen/Content/Blueprints/Cursors/Image_Cursor_Grab.uasset" 56
"../../../Mantiquen/Content/Blueprints/Cursors/Image_Cursor_Rotate.uasset" 57
"../../../Mantiquen/Content/Blueprints/Cursors/Cursor.uasset" 58
"../../../Mantiquen/Content/Blueprints/Core/MainPlayerController.uasset" 59
"../../../Mantiquen/Content/Blueprints/Items/I_Item.uasset" 60
"../../../Mantiquen/Content/Blueprints/Items/Item.uasset" 61
"../../../Mantiquen/Content/Blueprints/Core/Managers/Inventory/InventoryManager.uasset" 62
"../../../Mantiquen/Content/Blueprints/Items/Library/Equippables/I_Item_Equippable.uasset" 63
"../../../Mantiquen/Content/Blueprints/Items/Library/Equippables/Item_Equippable_Sockets.uasset" 64
"../../../Mantiquen/Content/Blueprints/Items/Library/Equippables/Item_Equippable_Types.uasset" 65
"../../../Mantiquen/Content/Blueprints/Items/Library/Equippables/Item_Equippable.uasset" 66
"../../../Mantiquen/Content/Blueprints/Items/Library/Equippables/Weapons/Weapon_Categories.uasset" 67
"../../../Mantiquen/Content/Blueprints/Items/Library/Equippables/Weapons/Item_Equippable_Weapon.uasset" 68
"../../../Mantiquen/Content/Blueprints/Core/Managers/Equipments/Equipments_Manager.uasset" 69
"../../../Mantiquen/Content/Blueprints/Core/Managers/StateManager.uasset" 70
"../../../Mantiquen/Content/Blueprints/Characters/Character_Damage_Widget.uasset" 71
"../../../Mantiquen/Content/Blueprints/Characters/Character_Base.uasset" 72
"../../../Mantiquen/Content/Blueprints/Characters/Main/Character_Main_Animation.uasset" 73
"../../../Mantiquen/Content/Blueprints/Items/Library/Equippables/Armors/Test2/Plate_armor_2_Skeleton.uasset" 74
"../../../Mantiquen/Content/Blueprints/Items/Library/Equippables/Armors/Test2/Plate_armor_2_Anim.uasset" 75
"../../../Mantiquen/Content/Blueprints/Characters/NPCs/I_NPC.uasset" 76
"../../../Mantiquen/Content/Blueprints/Core/NPCs/DialogueStructure.uasset" 77
"../../../Mantiquen/Content/Blueprints/Characters/NPCs/Widgets/DialogueOption.uasset" 78
"../../../Mantiquen/Content/Blueprints/Characters/NPCs/Widgets/DialogueHUD.uasset" 79
"../../../Mantiquen/Content/Blueprints/Characters/NPCs/Character_NPC.uasset" 80
"../../../Mantiquen/Content/Blueprints/Characters/NPCs/Library/Enemies/Goblin/Props/Goblin_Skeleton.uasset" 81
"../../../Mantiquen/Content/Blueprints/Characters/NPCs/Library/Enemies/Goblin/Props/Goblin_Attack1.uasset" 82
"../../../Mantiquen/Content/Blueprints/Characters/NPCs/Library/Enemies/Goblin/Props/Goblin_Death.uasset" 83
"../../../Mantiquen/Content/Blueprints/Characters/NPCs/Library/Enemies/Goblin/Props/Goblin_Idle.uasset" 84
"../../../Mantiquen/Content/Blueprints/Characters/NPCs/Library/Enemies/Goblin/Props/Goblin_Running.uasset" 85
"../../../Mantiquen/Content/Blueprints/Characters/NPCs/Library/Enemies/Goblin/Props/Goblin_Walking.uasset" 86
"../../../Mantiquen/Content/Blueprints/Characters/NPCs/Library/Enemies/Goblin/Goblin_Animations.uasset" 87
"../../../Mantiquen/Content/Blueprints/Characters/NPCs/Library/Enemies/Character_Enemy.uasset" 88
"../../../Mantiquen/Content/Blueprints/Items/Library/Consumables/I_Item_Consumable.uasset" 89
"../../../Mantiquen/Content/Blueprints/Items/Library/Consumables/Item_Consumable.uasset" 90
"../../../Mantiquen/Content/Blueprints/Items/Library/Consumables/Healing_Items/Item_Consumable_Healing.uasset" 91
"../../../Mantiquen/Content/Blueprints/Items/Library/Consumables/Healing_Items/Red_Potion/Icon_Red_Potion.uasset" 92
"../../../Mantiquen/Content/Blueprints/Items/Library/Consumables/Healing_Items/Red_Potion/Red_Potion_Particle_Image.uasset" 93
"../../../Mantiquen/Content/Blueprints/Items/Library/Consumables/Healing_Items/Red_Potion/Red_Potion_Particle_Material.uasset" 94
"../../../Mantiquen/Content/Blueprints/Items/Library/Consumables/Healing_Items/Red_Potion/Red_Potion_Particle.uasset" 95
"../../../Mantiquen/Content/Blueprints/Items/Library/Consumables/Healing_Items/Red_Potion/Red_Potion.uasset" 96
"../../../Mantiquen/Content/Blueprints/Items/Library/Consumables/Healing_Items/Red_Potion/bottle3.uasset" 97
"../../../Mantiquen/Content/Blueprints/Items/Library/Consumables/Healing_Items/Red_Potion/rolha.uasset" 98
"../../../Mantiquen/Content/Blueprints/Items/Library/Consumables/Healing_Items/Red_Potion/garrafa.uasset" 99
"../../../Mantiquen/Content/Blueprints/Items/Library/Consumables/Healing_Items/Red_Potion/Red_Potion_PickUp.uasset" 100
"../../../Mantiquen/Content/Blueprints/Characters/NPCs/Library/Enemies/Goblin/Props/goblin_diffuse.uasset" 101
"../../../Mantiquen/Content/Blueprints/Characters/NPCs/Library/Enemies/Goblin/Props/goblin_normal.uasset" 102
"../../../Mantiquen/Content/Blueprints/Characters/NPCs/Library/Enemies/Goblin/Props/eyes_lambert.uasset" 103
"../../../Mantiquen/Content/Blueprints/Characters/NPCs/Library/Enemies/Goblin/Props/goblin_specular.uasset" 104
"../../../Mantiquen/Content/Blueprints/Characters/NPCs/Library/Enemies/Goblin/Props/phong1.uasset" 105
"../../../Mantiquen/Content/Blueprints/Characters/NPCs/Library/Enemies/Goblin/Props/Goblin_PhysicsAsset.uasset" 106
"../../../Mantiquen/Content/Blueprints/Characters/NPCs/Library/Enemies/Goblin/Props/Goblin.uasset" 107
"../../../Mantiquen/Content/Blueprints/Characters/NPCs/Library/Enemies/Goblin/Enemy_Goblin.uasset" 108
"../../../Mantiquen/Content/Blueprints/Items/Library/Equippables/Armors/Test2/plate_color_test.uasset" 109
"../../../Mantiquen/Content/Blueprints/Items/Library/Equippables/Armors/Test2/Plate_armor_2_PhysicsAsset.uasset" 110
"../../../Mantiquen/Content/Blueprints/Items/Library/Equippables/Armors/Test2/Plate_armor_2.uasset" 111
"../../../Mantiquen/Content/Props/Characters/Human/corpoVK.uasset" 112
"../../../Mantiquen/Content/Props/Characters/Human/lambert1.uasset" 113
"../../../Mantiquen/Content/Props/Characters/Human/Human_Physics.uasset" 114
"../../../Mantiquen/Content/Props/Characters/Human/Human.uasset" 115
"../../../Mantiquen/Content/Blueprints/Characters/Main/Character_Main.uasset" 116
"../../../Mantiquen/Content/Blueprints/Items/Item_Name_Widget.uasset" 117
"../../../Mantiquen/Content/Blueprints/Items/Item_Pickup.uasset" 118
"../../../Mantiquen/Content/Blueprints/Characters/NPCs/Library/Enemies/LootItemStructure.uasset" 119
"../../../Mantiquen/Content/Blueprints/Characters/NPCs/Library/Enemies/LootStructure.uasset" 120
"../../../Mantiquen/Content/Blueprints/Characters/NPCs/Library/Enemies/Goblin/Props/Walking_fbm/goblin_diffuse.uasset" 121
"../../../Mantiquen/Content/Blueprints/Characters/NPCs/Library/Enemies/Goblin/Props/Walking_fbm/goblin_normal.uasset" 122
"../../../Mantiquen/Content/Blueprints/Characters/NPCs/Library/Enemies/Goblin/Props/Walking_fbm/goblin_specular.uasset" 123
"../../../Mantiquen/Content/Props/Characters/Houston/Houston_Skeleton.uasset" 124
"../../../Mantiquen/Content/Props/Characters/Houston/Houston_Idle.uasset" 125
"../../../Mantiquen/Content/Blueprints/Characters/NPCs/Mirela/Mirela_Animations.uasset" 126
"../../../Mantiquen/Content/Blueprints/Characters/NPCs/Library/Non-Enemies/Antonia/NPC_Antonia_Dialogues.uasset" 127
"../../../Mantiquen/Content/Props/Characters/Houston/Nightshade_diffuse.uasset" 128
"../../../Mantiquen/Content/Props/Characters/Houston/Nightshade_glow.uasset" 129
"../../../Mantiquen/Content/Props/Characters/Houston/Nightshade_normal.uasset" 130
"../../../Mantiquen/Content/Props/Characters/Houston/Nightshade_specular.uasset" 131
"../../../Mantiquen/Content/Props/Characters/Houston/Nightshade_MAT.uasset" 132
"../../../Mantiquen/Content/Props/Characters/Houston/Houston_Physics.uasset" 133
"../../../Mantiquen/Content/Props/Characters/Houston/Houston_Mesh.uasset" 134
"../../../Mantiquen/Content/Blueprints/Characters/NPCs/Library/Non-Enemies/Antonia/NPC_Antonia.uasset" 135
"../../../Mantiquen/Content/Blueprints/Core/Custom_GameState.uasset" 136
"../../../Mantiquen/Content/Blueprints/Core/FreeForAll2.uasset" 137
"../../../Mantiquen/Content/Blueprints/Core/Helpers/Collections.uasset" 138
"../../../Mantiquen/Content/Blueprints/Core/Managers/HotKeys/HotKey_Slot_Structure.uasset" 139
"../../../Mantiquen/Content/Blueprints/Core/NPCs/DialogueOptionStructure.uasset" 140
"../../../Mantiquen/Content/Blueprints/Inventory/InventoryStructure.uasset" 141
"../../../Mantiquen/Content/Blueprints/Items/Library/Mysterious_Tree.uasset" 142
"../../../Mantiquen/Content/Blueprints/Items/Library/Mysterious_Tree_Pickup.uasset" 143
"../../../Mantiquen/Content/Blueprints/Items/Library/Consumables/Healing_Items/I_Item_Consumable_Healing.uasset" 144
"../../../Mantiquen/Content/Blueprints/Items/Library/Equippables/Item_Equippable_Idle_Sockets.uasset" 145
"../../../Mantiquen/Content/Blueprints/Items/Library/Equippables/Armors/Item_Equippable_Armor.uasset" 146
"../../../Mantiquen/Content/Blueprints/Items/Library/Equippables/Armors/Test/lambert1.uasset" 147
"../../../Mantiquen/Content/Blueprints/Items/Library/Equippables/Armors/Test/Armor.uasset" 148
"../../../Mantiquen/Content/Blueprints/Items/Library/Equippables/Armors/Test/Arms.uasset" 149
"../../../Mantiquen/Content/Blueprints/Items/Library/Equippables/Armors/Test/Arms_2.uasset" 150
"../../../Mantiquen/Content/Blueprints/Items/Library/Equippables/Armors/Test/Armor_Test_Item.uasset" 151
"../../../Mantiquen/Content/Blueprints/Items/Library/Equippables/Armors/Test/Armor_Test_Pickup.uasset" 152
"../../../Mantiquen/Content/Blueprints/Items/Library/Equippables/Weapons/Gun/AK47_1_.uasset" 153
"../../../Mantiquen/Content/Blueprints/Items/Library/Equippables/Weapons/Gun/AK47_2_.uasset" 154
"../../../Mantiquen/Content/Blueprints/Items/Library/Equippables/Weapons/Gun/AK47.uasset" 155
"../../../Mantiquen/Content/Blueprints/Items/Library/Equippables/Weapons/Sword/lambert1.uasset" 156
"../../../Mantiquen/Content/Blueprints/Items/Library/Equippables/Weapons/Sword/sd.uasset" 157
"../../../Mantiquen/Content/Blueprints/Items/Library/Equippables/Weapons/Sword/Sword_Icon.uasset" 158
"../../../Mantiquen/Content/Blueprints/Items/Library/Equippables/Weapons/Sword/Sword.uasset" 159
"../../../Mantiquen/Content/Blueprints/Items/Library/Equippables/Weapons/Sword/Sword_Pickup.uasset" 160
"../../../Mantiquen/Content/Levels/FreeForAll/Spawn.uasset" 161
"../../../Mantiquen/Content/Props/Characters/Human/Human_Sit.uasset" 162
"../../../Mantiquen/Content/Props/Characters/Human/Human_Walk.uasset" 163
"../../../Engine/Content/Functions/Engine_MaterialFunctions01/Opacity/CameraDepthFade.uasset" 164
"../../../Engine/Content/EngineMaterials/T_Default_Material_Grid_M.uasset" 165
"../../../Engine/Content/EngineMaterials/T_Default_Material_Grid_N.uasset" 166
"../../../Engine/Content/EngineMaterials/DefaultMaterial.uasset" 167
"../../../Engine/Content/BasicShapes/Cone.uasset" 168
"../../../Engine/Content/BasicShapes/Cylinder.uasset" 169
"../../../Engine/Content/EngineMaterials/WorldGridMaterial.uasset" 170
"../../../Engine/Content/BasicShapes/Plane.uasset" 171
"../../../Engine/Content/BasicShapes/Sphere.uasset" 172
"../../../Engine/Content/EditorLandscapeResources/DataLayer.uasset" 173
"../../../Engine/Content/EditorMaterials/GizmoMaterial.uasset" 174
"../../../Engine/Content/EditorMaterials/MAT_Groups_Toggle.uasset" 175
"../../../Engine/Content/EditorMaterials/MAT_Groups_Visibility.uasset" 176
"../../../Engine/Content/EditorMaterials/PreviewShadowIndicator.uasset" 177
"../../../Engine/Content/EditorMaterials/PreviewShadowIndicatorMaterial.uasset" 178
"../../../Engine/Content/EditorMaterials/MatineeGroups/MAT_ColorTrack.uasset" 179
"../../../Engine/Content/EditorMaterials/MatineeGroups/MAT_Groups_Anim.uasset" 180
"../../../Engine/Content/EditorMaterials/MatineeGroups/MAT_Groups_AudioMaster.uasset" 181
"../../../Engine/Content/EditorMaterials/MatineeGroups/MAT_Groups_Director.uasset" 182
"../../../Engine/Content/EditorMaterials/MatineeGroups/MAT_Groups_Event.uasset" 183
"../../../Engine/Content/EditorMaterials/MatineeGroups/MAT_Groups_Fade.uasset" 184
"../../../Engine/Content/EditorMaterials/MatineeGroups/MAT_Groups_Float.uasset" 185
"../../../Engine/Content/EditorMaterials/MatineeGroups/MAT_Groups_Move.uasset" 186
"../../../Engine/Content/EditorMaterials/MatineeGroups/MAT_Groups_Slomo.uasset" 187
"../../../Engine/Content/EditorMaterials/MatineeGroups/MAT_Groups_Sound.uasset" 188
"../../../Engine/Content/EditorMaterials/MatineeGroups/MAT_Groups_Vector.uasset" 189
"../../../Engine/Content/EditorMaterials/ParticleSystems/PSysThumbnail_NoImage.uasset" 190
"../../../Engine/Content/EditorMaterials/ParticleSystems/PSysThumbnail_OOD.uasset" 191
"../../../Engine/Content/EditorMaterials/Camera/CineMat.uasset" 192
"../../../Engine/Content/EditorMaterials/Camera/MI_CineMat_Rig.uasset" 193
"../../../Engine/Content/EditorMeshes/Camera/SM_CraneRig_Arm.uasset" 194
"../../../Engine/Content/EditorMeshes/Camera/SM_CraneRig_Base.uasset" 195
"../../../Engine/Content/EditorMeshes/Camera/SM_CraneRig_Body.uasset" 196
"../../../Engine/Content/EditorMeshes/Camera/SM_CraneRig_Mount.uasset" 197
"../../../Engine/Content/EditorMeshes/Camera/SM_RailRig_Mount.uasset" 198
"../../../Engine/Content/EditorMeshes/Camera/SM_RailRig_Track.uasset" 199
"../../../Engine/Content/EditorMeshes/ColorCalibrator/M_ChromeBall.uasset" 200
"../../../Engine/Content/EditorMeshes/ColorCalibrator/M_ClearCoat.uasset" 201
"../../../Engine/Content/EditorMeshes/ColorCalibrator/M_ClearCoatBlack.uasset" 202
"../../../Engine/Content/EditorMeshes/ColorCalibrator/Color_checker.uasset" 203
"../../../Engine/Content/EditorMeshes/ColorCalibrator/M_ColorGrid.uasset" 204
"../../../Engine/Content/EditorMeshes/ColorCalibrator/M_GreyBall.uasset" 205
"../../../Engine/Content/EditorMeshes/ColorCalibrator/SM_ColorCalibrator.uasset" 206
"../../../Engine/Content/EditorResources/BSPVertex.uasset" 207
"../../../Engine/Content/EditorResources/EmptyActor.uasset" 208
"../../../Engine/Content/EditorResources/S_Actor.uasset" 209
"../../../Engine/Content/EditorResources/S_Trigger.uasset" 210
"../../../Engine/Content/EditorResources/LightIcons/S_LightError.uasset" 211
"../../../Engine/Content/EditorResources/SequenceRecorder/Countdown.uasset" 212
"../../../Engine/Content/EditorResources/SequenceRecorder/RecordingIndicator.uasset" 213
"../../../Engine/Content/EditorSounds/Notifications/CompileFailed.uasset" 214
"../../../Engine/Content/EditorSounds/Notifications/CompileFailed_Cue.uasset" 215
"../../../Engine/Content/EditorSounds/Notifications/CompileSuccess.uasset" 216
"../../../Engine/Content/EditorSounds/Notifications/CompileStart_Cue.uasset" 217
"../../../Engine/Content/EditorSounds/Notifications/CompileSuccess_Cue.uasset" 218
"../../../Engine/Content/EngineDamageTypes/DmgTypeBP_Environmental.uasset" 219
"../../../Engine/Content/EngineDebugMaterials/HeatmapGradient.uasset" 220
"../../../Engine/Content/EngineDebugMaterials/BoneWeightMaterial.uasset" 221
"../../../Engine/Content/EngineDebugMaterials/ClothMaterial.uasset" 222
"../../../Engine/Content/EngineDebugMaterials/ClothMaterial_WF.uasset" 223
"../../../Engine/Content/EngineDebugMaterials/DebugEditorMaterial.uasset" 224
"../../../Engine/Content/EngineDebugMaterials/DebugMeshMaterial.uasset" 225
"../../../Engine/Content/EngineDebugMaterials/GeomMaterial.uasset" 226
"../../../Engine/Content/EngineFonts/Faces/RobotoBold.uasset" 227
"../../../Engine/Content/EngineFonts/Faces/RobotoBoldItalic.uasset" 228
"../../../Engine/Content/EngineFonts/Faces/RobotoItalic.uasset" 229
"../../../Engine/Content/EngineFonts/Faces/RobotoLight.uasset" 230
"../../../Engine/Content/EngineFonts/Faces/RobotoRegular.uasset" 231
"../../../Engine/Content/EngineFonts/Roboto.uasset" 232
"../../../Engine/Content/EngineFonts/Faces/RobotoTiny.uasset" 233
"../../../Engine/Content/EngineFonts/RobotoTiny.uasset" 234
"../../../Engine/Content/EngineMaterials/DefaultBloomKernel.uasset" 235
"../../../Engine/Content/EngineMaterials/DefaultBokeh.uasset" 236
"../../../Engine/Content/EngineMaterials/DefaultDiffuse.uasset" 237
"../../../Engine/Content/EngineMaterials/DefaultDeferredDecalMaterial.uasset" 238
"../../../Engine/Content/EngineMaterials/DefaultLightFunctionMaterial.uasset" 239
"../../../Engine/Content/EngineMaterials/DefaultPhysicalMaterial.uasset" 240
"../../../Engine/Content/Functions/Engine_MaterialFunctions02/Utility/BreakOutFloat2Components.uasset" 241
"../../../Engine/Content/EngineMaterials/DefaultPostProcessMaterial.uasset" 242
"../../../Engine/Content/EngineFonts/RobotoDistanceField.uasset" 243
"../../../Engine/Content/EngineMaterials/DefaultTextMaterialOpaque.uasset" 244
"../../../Engine/Content/EngineMaterials/DefaultWhiteGrid.uasset" 245
"../../../Engine/Content/EngineMaterials/EditorBrushMaterial.uasset" 246
"../../../Engine/Content/EngineMaterials/Good64x64TilingNoiseHighFreq.uasset" 247
"../../../Engine/Content/EngineMaterials/MiniFont.uasset" 248
"../../../Engine/Content/EngineMaterials/InvalidLightmapSettings.uasset" 249
"../../../Engine/Content/EngineMaterials/M_InvalidLightmapSettings.uasset" 250
"../../../Engine/Content/Functions/Engine_MaterialFunctions02/WorldPositionOffset/CameraOffset.uasset" 251
"../../../Engine/Content/EngineMaterials/PhAT_JointLimitMaterial.uasset" 252
"../../../Engine/Content/EngineMaterials/PreintegratedSkinBRDF.uasset" 253
"../../../Engine/Content/EngineMaterials/RemoveSurfaceMaterial.uasset" 254
"../../../Engine/Content/EngineMaterials/WeightMapPlaceholderTexture.uasset" 255
"../../../Engine/Content/EngineResources/WhiteSquareTexture.uasset" 256
"../../../Engine/Content/EngineMaterials/Widget3DPassThrough.uasset" 257
"../../../Engine/Content/EngineMaterials/Widget3DPassThrough_Masked.uasset" 258
"../../../Engine/Content/EngineMaterials/Widget3DPassThrough_Opaque.uasset" 259
"../../../Engine/Content/EngineMaterials/Widget3DPassThrough_Masked_OneSided.uasset" 260
"../../../Engine/Content/EngineMaterials/Widget3DPassThrough_Opaque_OneSided.uasset" 261
"../../../Engine/Content/EngineMaterials/Widget3DPassThrough_Translucent.uasset" 262
"../../../Engine/Content/EngineMaterials/Widget3DPassThrough_Translucent_OneSided.uasset" 263
"../../../Engine/Content/EngineMeshes/Cube.uasset" 264
"../../../Engine/Content/EngineMeshes/Cylinder.uasset" 265
"../../../Engine/Content/EngineMeshes/Sphere.uasset" 266
"../../../Engine/Content/EngineResources/Black.uasset" 267
"../../../Engine/Content/EngineResources/DefaultTexture.uasset" 268
"../../../Engine/Content/EngineResources/DefaultTextureCube.uasset" 269
"../../../Engine/Content/EngineResources/GradientTexture0.uasset" 270
"../../../Engine/Content/EngineSounds/Master.uasset" 271
"../../../Engine/Content/Functions/Engine_MaterialFunctions01/Shading/ConvertFromDiffSpec.uasset" 272
"../../../Engine/Content/Functions/Engine_MaterialFunctions01/Shading/PowerToRoughness.uasset" 273
"../../../Engine/Content/Maps/Templates/Thumbnails/Default.uasset" 274
"../../../Engine/Content/Maps/Templates/Thumbnails/VR-Basic.uasset" 275
"../../../Engine/Content/MobileResources/T_MobileControls_texture.uasset" 276
"../../../Engine/Content/MobileResources/T_MobileMenu2.uasset" 277
"../../../Engine/Content/MobileResources/HUD/AnalogHat.uasset" 278
"../../../Engine/Content/MobileResources/HUD/VirtualJoystick_Background.uasset" 279
"../../../Engine/Content/MobileResources/HUD/VirtualJoystick_Thumb.uasset" 280
"../../../Engine/Content/MobileResources/HUD/DefaultVirtualJoysticks.uasset" 281
"../../../Engine/Content/MobileResources/HUD/LeftVirtualJoystickOnly.uasset" 282
"../../../Engine/Content/MobileResources/HUD/MobileHUDButton1_off.uasset" 283
"../../../Engine/Content/MobileResources/HUD/MobileHUDButton1_on.uasset" 284
"../../../Engine/Content/MobileResources/HUD/MobileHUDButton2_off.uasset" 285
"../../../Engine/Content/MobileResources/HUD/MobileHUDButton2_on.uasset" 286
"../../../Engine/Content/MobileResources/HUD/MobileHUDButton3.uasset" 287
"../../../Engine/Content/MobileResources/HUD/MobileHUDButtonFire.uasset" 288
"../../../Engine/Content/MobileResources/HUD/MobileHUDDirectionPad.uasset" 289
"../../../Engine/Content/MobileResources/HUD/MobileHUDDirectionPad2.uasset" 290
"../../../Engine/Content/MobileResources/HUD/MobileHUDDirectionPad3.uasset" 291
"../../../Engine/Content/MobileResources/HUD/MobileHUDDirectionStick.uasset" 292
"../../../Engine/Content/MobileResources/HUD/T_Castle_ThumbstickInner.uasset" 293
"../../../Engine/Content/MobileResources/HUD/T_Castle_ThumbstickOutter.uasset" 294
"../../../Engine/Content/Tutorial/ContentIntroCurve.uasset" 295
"../../../Engine/Content/Tutorial/Basics/TutorialAssets/icon_tab_Levels_40x.uasset" 296
"../../../Engine/Content/Tutorial/BlueprintTutorials/TutorialAssets/BlueprintInterface_64x.uasset" 297
"../../../Engine/Content/Tutorial/BlueprintTutorials/TutorialAssets/BlueprintMacroLibrary_64x.uasset" 298
"../../../Engine/Content/Tutorial/BlueprintTutorials/TutorialAssets/Blueprint_64x.uasset" 299
"../../../Engine/Content/Tutorial/BlueprintTutorials/TutorialAssets/Tutorial_BP_Interface.uasset" 300
"../../../Engine/Content/Tutorial/Foliage/TutorialAssets/Foliage.uasset" 301
"../../../Engine/Content/Tutorial/Landscape/TutorialAssets/Landscape.uasset" 302
"../../../Engine/Content/Tutorial/Paper2D/TutorialAssets/Paper2DFlipbook_TutorialIcon.uasset" 303
"../../../Engine/Content/Tutorial/Paper2D/TutorialAssets/Paper2DSprite_TutorialIcon.uasset" 304
"../../../Engine/Content/Tutorial/SubEditors/TutorialAssets/icon_Editor_Preferences_General_40x.uasset" 305
"../../../Engine/Content/Tutorial/SubEditors/TutorialAssets/icon_ShowSkeletalMeshes_40x.uasset" 306
"../../../Engine/Content/Tutorial/SubEditors/TutorialAssets/TutorialMaterial.uasset" 307
"../../../Engine/Content/Tutorial/SubEditors/TutorialAssets/T_SmokeSubUV_8X8.uasset" 308
"../../../Engine/Content/Tutorial/SubEditors/TutorialAssets/T_soft_smoke.uasset" 309
"../../../Engine/Content/Tutorial/SubEditors/TutorialAssets/M_smoke_subUV_blackbody.uasset" 310
"../../../Engine/Content/Tutorial/SubEditors/TutorialAssets/TutorialParticleSystem.uasset" 311
"../../../Engine/Content/VREditor/Devices/Generic/GenericHMDMaterial.uasset" 312
"../../../Engine/Content/VREditor/Devices/Generic/GenericHMD.uasset" 313
"../../../Engine/Content/VREditor/FloatingText/LineMaterial.uasset" 314
"../../../Engine/Content/VREditor/FloatingText/JointSphere.uasset" 315
"../../../Engine/Content/VREditor/FloatingText/LineSegmentCylinder.uasset" 316
"../../../Engine/Content/VREditor/Fonts/VRText_RobotoLarge.uasset" 317
"../../../Engine/Content/VREditor/Fonts/VRTextMaterial.uasset" 318
"../../../Engine/Content/VREditor/Fonts/TranslucentVRTextMaterial.uasset" 319
"../../../Engine/Content/VREditor/LaserPointer/CursorPointer.uasset" 320
"../../../Engine/Content/VREditor/LaserPointer/VR_LaserPower_01.uasset" 321
"../../../Engine/Content/VREditor/TransformGizmo/TransformGizmoMaterial.uasset" 322
"../../../Engine/Content/VREditor/LaserPointer/HoverMaterial.uasset" 323
"../../../Engine/Content/VREditor/TransformGizmo/TranslucentTransformGizmoMaterial.uasset" 324
"../../../Engine/Content/VREditor/LaserPointer/TranslucentHoverMaterial.uasset" 325
"../../../Engine/Content/VREditor/LaserPointer/HoverMesh.uasset" 326
"../../../Engine/Content/VREditor/LaserPointer/LaserPointerMaterial.uasset" 327
"../../../Engine/Content/VREditor/LaserPointer/LaserPointerMaterialInst.uasset" 328
"../../../Engine/Content/VREditor/LaserPointer/TranslucentLaserPointerMaterialInst.uasset" 329
"../../../Engine/Content/VREditor/LaserPointer/LaserPointerMesh.uasset" 330
"../../../Engine/Content/VREditor/LaserPointer/LaserPointerMesh_End.uasset" 331
"../../../Engine/Content/VREditor/LaserPointer/LaserPointerMesh_Start.uasset" 332
"../../../Engine/Content/Functions/Engine_MaterialFunctions02/Utility/BreakOutFloat3Components.uasset" 333
"../../../Engine/Content/Functions/Engine_MaterialFunctions02/Math/Transform3x3Matrix.uasset" 334
"../../../Engine/Content/Functions/Engine_MaterialFunctions02/SplitComponents.uasset" 335
"../../../Engine/Content/Functions/Engine_MaterialFunctions02/Utility/MakeFloat3.uasset" 336
"../../../Engine/Content/VREditor/SnapGrid/SnapGridMaterial.uasset" 337
"../../../Engine/Content/VREditor/SnapGrid/SnapGridPlaneMesh.uasset" 338
"../../../Engine/Content/VREditor/Sounds/VR_teleport.uasset" 339
"../../../Engine/Content/VREditor/Sounds/UI/Click_on_Button_Cue.uasset" 340
"../../../Engine/Content/VREditor/Sounds/UI/Dockable_Window_Close.uasset" 341
"../../../Engine/Content/VREditor/Sounds/UI/Dockable_Window_Drop.uasset" 342
"../../../Engine/Content/VREditor/Sounds/UI/Dockable_Window_Open.uasset" 343
"../../../Engine/Content/VREditor/Sounds/UI/Dockable_Window_Pick_Up.uasset" 344
"../../../Engine/Content/VREditor/Sounds/UI/Drop_Item_From_ContentBrowser.uasset" 345
"../../../Engine/Content/VREditor/Sounds/UI/Floating_UI_Open-001.uasset" 346
"../../../Engine/Content/VREditor/Sounds/UI/Gizmo_Handle_Clicked.uasset" 347
"../../../Engine/Content/VREditor/Sounds/UI/Object_PickUp.uasset" 348
"../../../Engine/Content/VREditor/Sounds/UI/Object_Snaps_To_Another_Actor.uasset" 349
"../../../Engine/Content/VREditor/Sounds/UI/Object_Snaps_To_Grid.uasset" 350
"../../../Engine/Content/VREditor/Sounds/UI/Radial_Menu_FadeOut.uasset" 351
"../../../Engine/Content/VREditor/Sounds/UI/Scaling_Down.uasset" 352
"../../../Engine/Content/VREditor/Sounds/UI/Scaling_Up.uasset" 353
"../../../Engine/Content/VREditor/Sounds/UI/Selection_Changes.uasset" 354
"../../../Engine/Content/VREditor/Sounds/UI/Teleport_Mode_Entered.uasset" 355
"../../../Engine/Content/VREditor/Teleport/TeleportDirectionMaterial.uasset" 356
"../../../Engine/Content/VREditor/Teleport/TeleportDirectionMaterial_Inst.uasset" 357
"../../../Engine/Content/VREditor/Teleport/TeleportDirectionMesh.uasset" 358
"../../../Engine/Content/VREditor/TransformGizmo/BoundingBoxCorner.uasset" 359
"../../../Engine/Content/VREditor/TransformGizmo/BoundingBoxEdge.uasset" 360
"../../../Engine/Content/VREditor/TransformGizmo/PlaneTranslationHandle.uasset" 361
"../../../Engine/Content/VREditor/TransformGizmo/RotationHandleFull.uasset" 362
"../../../Engine/Content/VREditor/TransformGizmo/RotationHandleIndicator.uasset" 363
"../../../Engine/Content/VREditor/TransformGizmo/RotationHandleQuarter.uasset" 364
"../../../Engine/Content/VREditor/TransformGizmo/Main.uasset" 365
"../../../Engine/Content/VREditor/TransformGizmo/Xray.uasset" 366
"../../../Engine/Content/VREditor/TransformGizmo/SM_Dialog_Close.uasset" 367
"../../../Engine/Content/VREditor/TransformGizmo/SM_Dialog_Move.uasset" 368
"../../../Engine/Content/VREditor/TransformGizmo/SM_Sequencer_Key.uasset" 369
"../../../Engine/Content/VREditor/TransformGizmo/SM_Sequencer_Node.uasset" 370
"../../../Engine/Content/VREditor/TransformGizmo/StartRotationHandleIndicator.uasset" 371
"../../../Engine/Content/VREditor/TransformGizmo/TranslucentTransformGizmoMaterial_Inst.uasset" 372
"../../../Engine/Content/VREditor/TransformGizmo/TransformGizmoFreeRotation.uasset" 373
"../../../Engine/Content/VREditor/TransformGizmo/TransformGizmoMaterial_Inst.uasset" 374
"../../../Engine/Content/VREditor/TransformGizmo/TranslateArrowHandle.uasset" 375
"../../../Engine/Content/VREditor/TransformGizmo/UniformScaleHandle.uasset" 376
"../../../Engine/Content/VREditor/UI/KeyDiskMaterial.uasset" 377
"../../../Engine/Content/VREditor/UI/DiscMaterial.uasset" 378
"../../../Engine/Content/VREditor/UI/SM_Radial_Disk.uasset" 379
"../../../Engine/Content/Functions/Engine_MaterialFunctions01/Gradient/RadialGradient.uasset" 380
"../../../Engine/Content/VREditor/WorldMovementGrid/SimpleGrid.uasset" 381
"../../../Engine/Content/VREditor/WorldMovementGrid/GridMaterial.uasset" 382
"../../../Engine/Content/Functions/Engine_MaterialFunctions01/Density/ExponentialDensity.uasset" 383
"../../../Engine/Content/VREditor/WorldMovementGrid/GridPostProcess.uasset" 384
"../../../Engine/Content/EditorLandscapeResources/FlattenHeightMat.uasset" 385
"../../../Engine/Content/VREditor/WorldMovementGrid/PlaneMesh.uasset" 386
"../../../Engine/Plugins/2D/Paper2D/Content/PlaceholderTextures/DummySpriteTexture.uasset" 387
"../../../Engine/Plugins/2D/Paper2D/Content/DummySprite.uasset" 388
"../../../Engine/Plugins/2D/Paper2D/Content/DefaultPaperTerrainMaterial.uasset" 389
"../../../Engine/Plugins/2D/Paper2D/Content/DefaultSpriteMaterial.uasset" 390
"../../../Engine/Plugins/2D/Paper2D/Content/MaskedUnlitSpriteMaterial.uasset" 391
"../../../Engine/Plugins/2D/Paper2D/Content/OpaqueUnlitSpriteMaterial.uasset" 392
"../../../Engine/Plugins/Media/MediaCompositing/Content/DefaultMediaPlaneMaterial.uasset" 393
"../../../Engine/Content/Functions/Engine_MaterialFunctions02/Utility/MakeFloat4.uasset" 394
"../../../Engine/Plugins/Runtime/AppleARKit/Content/ARKitCameraMaterial.uasset" 395
"../../../Engine/Plugins/Runtime/Oculus/OculusVR/Content/Textures/GearVRController_AO.uasset" 396
"../../../Engine/Plugins/Runtime/Oculus/OculusVR/Content/Textures/GearVRController_Color.uasset" 397
"../../../Engine/Plugins/Runtime/Oculus/OculusVR/Content/Textures/GearVRController_Normal.uasset" 398
"../../../Engine/Plugins/Runtime/Oculus/OculusVR/Content/Materials/GearVRControllerMaterial.uasset" 399
"../../../Engine/Plugins/Runtime/Oculus/OculusVR/Content/Meshes/GearVrController.uasset" 400
"../../../Mantiquen/Content/Blueprints/Items/Library/Equippables/Weapons/Gun/glass_blue.uasset" 401
"../../../Mantiquen/Content/Blueprints/Items/Library/Equippables/Weapons/Gun/metal.uasset" 402
"../../../Mantiquen/Content/Blueprints/Items/Library/Equippables/Weapons/Gun/metal_dark.uasset" 403
"../../../Mantiquen/Content/Blueprints/Items/Library/Equippables/Weapons/Gun/metal_light.uasset" 404
"../../../Mantiquen/Content/Blueprints/Items/Library/Equippables/Weapons/Gun/sniper.uasset" 405
"../../../Mantiquen/Content/Blueprints/Items/Library/Equippables/Weapons/Gun/Weapon_Gun.uasset" 406
"../../../Mantiquen/Content/Blueprints/Items/Library/Equippables/Weapons/Gun/Weapon_Gun_Pickup.uasset" 407
"../../../Mantiquen/Content/Levels/FreeForAll/FFA_GameState.uasset" 408
"../../../Mantiquen/Content/Levels/FreeForAll/FreeForAll.uasset" 409
"../../../Mantiquen/Content/Levels/FreeForAll/Fresh_BuiltData.uasset" 410
"../../../Engine/Content/BasicShapes/Cube.uasset" 411
"../../../Mantiquen/Content/Levels/FreeForAll/Fresh.umap" 412
"../../../Engine/Content/Maps/Entry.umap" 413
