[2018-03-20 15:20:21]: Starting build for depot 827931, content path is "C:\Strive\Packages\WindowsNoEditor"
[2018-03-20 15:20:21]: Building file listing for depot 827931 ...
[2018-03-20 15:20:21]: Found 2895 files for mapping: C:\Strive\Packages\WindowsNoEditor * -> .
[2018-03-20 15:20:21]: Found 2895 files (329 MB) for depot 827931
[2018-03-20 15:20:22]: Building depot 827931, no baseline manifest
[2018-03-20 15:20:55]: Found 2425 new chunks (0 old ones existed) for depot 827931, took 0 minutes, 32 seconds

[2018-03-20 15:20:55]: Changes to baseline manifest:
[2018-03-20 15:20:55]: Added  : "Engine" 0 kB ,Flags: 64
[2018-03-20 15:20:55]: Added  : "Engine\Binaries" 0 kB ,Flags: 64
[2018-03-20 15:20:55]: Added  : "Engine\Binaries\ThirdParty" 0 kB ,Flags: 64
[2018-03-20 15:20:55]: Added  : "Engine\Binaries\ThirdParty\NVIDIA" 0 kB ,Flags: 64
[2018-03-20 15:20:55]: Added  : "Engine\Binaries\ThirdParty\NVIDIA\NVaftermath" 0 kB ,Flags: 64
[2018-03-20 15:20:55]: Added  : "Engine\Binaries\ThirdParty\NVIDIA\NVaftermath\Win64" 0 kB ,Flags: 64
[2018-03-20 15:20:55]: Added  : "Engine\Binaries\ThirdParty\NVIDIA\NVaftermath\Win64\GFSDK_Aftermath_Lib.dll" 31 kB 
[2018-03-20 15:20:55]: Added  : "Engine\Binaries\ThirdParty\Ogg" 0 kB ,Flags: 64
[2018-03-20 15:20:55]: Added  : "Engine\Binaries\ThirdParty\Ogg\Win64" 0 kB ,Flags: 64
[2018-03-20 15:20:55]: Added  : "Engine\Binaries\ThirdParty\Ogg\Win64\VS2015" 0 kB ,Flags: 64
[2018-03-20 15:20:55]: Added  : "Engine\Binaries\ThirdParty\Ogg\Win64\VS2015\libogg_64.dll" 48 kB 
[2018-03-20 15:20:55]: Added  : "Engine\Binaries\ThirdParty\PhysX" 0 kB ,Flags: 64
[2018-03-20 15:20:55]: Added  : "Engine\Binaries\ThirdParty\PhysX\Win64" 0 kB ,Flags: 64
[2018-03-20 15:20:55]: Added  : "Engine\Binaries\ThirdParty\PhysX\Win64\VS2015" 0 kB ,Flags: 64
[2018-03-20 15:20:55]: Added  : "Engine\Binaries\ThirdParty\PhysX\Win64\VS2015\ApexFramework_x64.dll" 1020 kB 
[2018-03-20 15:20:55]: Added  : "Engine\Binaries\ThirdParty\PhysX\Win64\VS2015\APEX_Clothing_x64.dll" 1192 kB 
[2018-03-20 15:20:55]: Added  : "Engine\Binaries\ThirdParty\PhysX\Win64\VS2015\APEX_Legacy_x64.dll" 3252 kB 
[2018-03-20 15:20:55]: Added  : "Engine\Binaries\ThirdParty\PhysX\Win64\VS2015\NvCloth_x64.dll" 260 kB 
[2018-03-20 15:20:55]: Added  : "Engine\Binaries\ThirdParty\PhysX\Win64\VS2015\PhysX3Common_x64.dll" 1559 kB 
[2018-03-20 15:20:55]: Added  : "Engine\Binaries\ThirdParty\PhysX\Win64\VS2015\PhysX3Cooking_x64.dll" 240 kB 
[2018-03-20 15:20:55]: Added  : "Engine\Binaries\ThirdParty\PhysX\Win64\VS2015\PhysX3_x64.dll" 2021 kB 
[2018-03-20 15:20:55]: Added  : "Engine\Binaries\ThirdParty\PhysX\Win64\VS2015\PxFoundation_x64.dll" 54 kB 
[2018-03-20 15:20:55]: Added  : "Engine\Binaries\ThirdParty\PhysX\Win64\VS2015\PxPvdSDK_x64.dll" 185 kB 
[2018-03-20 15:20:55]: Added  : "Engine\Binaries\ThirdParty\Steamworks" 0 kB ,Flags: 64
[2018-03-20 15:20:55]: Added  : "Engine\Binaries\ThirdParty\Steamworks\Steamv142" 0 kB ,Flags: 64
[2018-03-20 15:20:55]: Added  : "Engine\Binaries\ThirdParty\Steamworks\Steamv142\Win64" 0 kB ,Flags: 64
[2018-03-20 15:20:55]: Added  : "Engine\Binaries\ThirdParty\Steamworks\Steamv142\Win64\steam_api64.dll" 245 kB 
[2018-03-20 15:20:55]: Added  : "Engine\Binaries\ThirdParty\Vorbis" 0 kB ,Flags: 64
[2018-03-20 15:20:55]: Added  : "Engine\Binaries\ThirdParty\Vorbis\Win64" 0 kB ,Flags: 64
[2018-03-20 15:20:55]: Added  : "Engine\Binaries\ThirdParty\Vorbis\Win64\VS2015" 0 kB ,Flags: 64
[2018-03-20 15:20:55]: Added  : "Engine\Binaries\ThirdParty\Vorbis\Win64\VS2015\libvorbisfile_64.dll" 37 kB 
[2018-03-20 15:20:55]: Added  : "Engine\Binaries\ThirdParty\Vorbis\Win64\VS2015\libvorbis_64.dll" 1674 kB 
[2018-03-20 15:20:55]: Added  : "Engine\Binaries\ThirdParty\Windows" 0 kB ,Flags: 64
[2018-03-20 15:20:55]: Added  : "Engine\Binaries\ThirdParty\Windows\DirectX" 0 kB ,Flags: 64
[2018-03-20 15:20:55]: Added  : "Engine\Binaries\ThirdParty\Windows\DirectX\x64" 0 kB ,Flags: 64
[2018-03-20 15:20:55]: Added  : "Engine\Binaries\ThirdParty\Windows\DirectX\x64\WinPixEventRuntime.dll" 44 kB 
[2018-03-20 15:20:55]: Added  : "Engine\Config" 0 kB ,Flags: 64
[2018-03-20 15:20:55]: Added  : "Engine\Config\Base.ini" 1 kB 
[2018-03-20 15:20:55]: Added  : "Engine\Config\BaseCompat.ini" 17 kB 
[2018-03-20 15:20:55]: Added  : "Engine\Config\BaseDeviceProfiles.ini" 22 kB 
[2018-03-20 15:20:55]: Added  : "Engine\Config\BaseEditor.ini" 61 kB 
[2018-03-20 15:20:55]: Added  : "Engine\Config\BaseEditorKeyBindings.ini" 6 kB 
[2018-03-20 15:20:55]: Added  : "Engine\Config\BaseEditorLayout.ini" 0 kB 
[2018-03-20 15:20:55]: Added  : "Engine\Config\BaseEditorPerProjectUserSettings.ini" 31 kB 
[2018-03-20 15:20:55]: Added  : "Engine\Config\BaseEditorSettings.ini" 7 kB 
[2018-03-20 15:20:55]: Added  : "Engine\Config\BaseEngine.ini" 102 kB 
[2018-03-20 15:20:55]: Added  : "Engine\Config\BaseGame.ini" 4 kB 
[2018-03-20 15:20:55]: Added  : "Engine\Config\BaseHardware.ini" 4 kB 
[2018-03-20 15:20:55]: Added  : "Engine\Config\BaseInput.ini" 17 kB 
[2018-03-20 15:20:55]: Added  : "Engine\Config\BaseLightmass.ini" 11 kB 
[2018-03-20 15:20:55]: Added  : "Engine\Config\BaseScalability.ini" 12 kB 
[2018-03-20 15:20:55]: Added  : "Engine\Config\ConsoleVariables.ini" 3 kB 
[2018-03-20 15:20:55]: Added  : "Engine\Config\controller.vdf" 2 kB 
[2018-03-20 15:20:55]: Added  : "Engine\Config\Localization" 0 kB ,Flags: 64
[2018-03-20 15:20:55]: Added  : "Engine\Config\Localization\Category.ini" 2 kB 
[2018-03-20 15:20:55]: Added  : "Engine\Config\Localization\Editor.ini" 2 kB 
[2018-03-20 15:20:55]: Added  : "Engine\Config\Localization\EditorTutorials.ini" 2 kB 
[2018-03-20 15:20:55]: Added  : "Engine\Config\Localization\Engine.ini" 3 kB 
[2018-03-20 15:20:55]: Added  : "Engine\Config\Localization\Keywords.ini" 2 kB 
[2018-03-20 15:20:55]: Added  : "Engine\Config\Localization\PortableObjectExport.ini" 2 kB 
[2018-03-20 15:20:55]: Added  : "Engine\Config\Localization\PortableObjectImport.ini" 2 kB 
[2018-03-20 15:20:55]: Added  : "Engine\Config\Localization\PropertyNames.ini" 2 kB 
[2018-03-20 15:20:55]: Added  : "Engine\Config\Localization\RepairData.ini" 3 kB 
[2018-03-20 15:20:55]: Added  : "Engine\Config\Localization\ResourceFileGen.ini" 2 kB 
[2018-03-20 15:20:55]: Added  : "Engine\Config\Localization\ToolTips.ini" 2 kB 
[2018-03-20 15:20:55]: Added  : "Engine\Config\Localization\WordCount.ini" 2 kB 
[2018-03-20 15:20:55]: Added  : "Engine\Config\Windows" 0 kB ,Flags: 64
[2018-03-20 15:20:55]: Added  : "Engine\Config\Windows\WindowsEngine.ini" 1 kB 
[2018-03-20 15:20:55]: Added  : "Engine\Content" 0 kB ,Flags: 64
[2018-03-20 15:20:55]: Added  : "Engine\Content\BasicShapes" 0 kB ,Flags: 64
[2018-03-20 15:20:55]: Added  : "Engine\Content\BasicShapes\BasicShapeMaterial.uasset" 4 kB 
[2018-03-20 15:20:55]: Added  : "Engine\Content\BasicShapes\BasicShapeMaterial.uexp" 229 kB 
[2018-03-20 15:20:55]: Added  : "Engine\Content\BasicShapes\Cone.uasset" 3 kB 
[2018-03-20 15:20:55]: Added  : "Engine\Content\BasicShapes\Cone.uexp" 94 kB 
[2018-03-20 15:20:55]: Added  : "Engine\Content\BasicShapes\Cube.uasset" 3 kB 
[2018-03-20 15:20:55]: Added  : "Engine\Content\BasicShapes\Cube.uexp" 60 kB 
[2018-03-20 15:20:55]: Added  : "Engine\Content\BasicShapes\Cylinder.uasset" 3 kB 
[2018-03-20 15:20:55]: Added  : "Engine\Content\BasicShapes\Cylinder.uexp" 119 kB 
[2018-03-20 15:20:55]: Added  : "Engine\Content\BasicShapes\Plane.uasset" 3 kB 
[2018-03-20 15:20:55]: Added  : "Engine\Content\BasicShapes\Plane.uexp" 3 kB 
[2018-03-20 15:20:55]: Added  : "Engine\Content\BasicShapes\Sphere.uasset" 3 kB 
[2018-03-20 15:20:55]: Added  : "Engine\Content\BasicShapes\Sphere.uexp" 147 kB 
[2018-03-20 15:20:55]: Added  : "Engine\Content\EditorBlueprintResources" 0 kB ,Flags: 64
[2018-03-20 15:20:55]: Added  : "Engine\Content\EditorBlueprintResources\ActorMacros.uasset" 1 kB 
[2018-03-20 15:20:55]: Added  : "Engine\Content\EditorBlueprintResources\ActorMacros.uexp" 1 kB 
[2018-03-20 15:20:55]: Added  : "Engine\Content\EditorBlueprintResources\StandardMacros.uasset" 1 kB 
[2018-03-20 15:20:55]: Added  : "Engine\Content\EditorBlueprintResources\StandardMacros.uexp" 1 kB 
[2018-03-20 15:20:55]: Added  : "Engine\Content\EditorLandscapeResources" 0 kB ,Flags: 64
[2018-03-20 15:20:55]: Added  : "Engine\Content\EditorLandscapeResources\DataLayer.uasset" 1 kB 
[2018-03-20 15:20:55]: Added  : "Engine\Content\EditorLandscapeResources\DataLayer.uexp" 1 kB 
[2018-03-20 15:20:55]: Added  : "Engine\Content\EditorLandscapeResources\FlattenHeightMat.uasset" 4 kB 
[2018-03-20 15:20:55]: Added  : "Engine\Content\EditorLandscapeResources\FlattenHeightMat.uexp" 43 kB 
[2018-03-20 15:20:55]: Added  : "Engine\Content\EditorMaterials" 0 kB ,Flags: 64
[2018-03-20 15:20:55]: Added  : "Engine\Content\EditorMaterials\Camera" 0 kB ,Flags: 64
[2018-03-20 15:20:55]: Added  : "Engine\Content\EditorMaterials\Camera\CineMat.uasset" 4 kB 
[2018-03-20 15:20:55]: Added  : "Engine\Content\EditorMaterials\Camera\CineMat.uexp" 146 kB 
[2018-03-20 15:20:55]: Added  : "Engine\Content\EditorMaterials\Camera\MI_CineMat_Rig.uasset" 2 kB 
[2018-03-20 15:20:55]: Added  : "Engine\Content\EditorMaterials\Camera\MI_CineMat_Rig.uexp" 1 kB 
[2018-03-20 15:20:55]: Added  : "Engine\Content\EditorMaterials\GizmoMaterial.uasset" 2 kB 
[2018-03-20 15:20:55]: Added  : "Engine\Content\EditorMaterials\GizmoMaterial.uexp" 24 kB 
[2018-03-20 15:20:55]: Added  : "Engine\Content\EditorMaterials\MatineeGroups" 0 kB ,Flags: 64
[2018-03-20 15:20:55]: Added  : "Engine\Content\EditorMaterials\MatineeGroups\MAT_ColorTrack.uasset" 1 kB 
[2018-03-20 15:20:55]: Added  : "Engine\Content\EditorMaterials\MatineeGroups\MAT_ColorTrack.uexp" 1 kB 
[2018-03-20 15:20:55]: Added  : "Engine\Content\EditorMaterials\MatineeGroups\MAT_Groups_Anim.uasset" 1 kB 
[2018-03-20 15:20:55]: Added  : "Engine\Content\EditorMaterials\MatineeGroups\MAT_Groups_Anim.uexp" 1 kB 
[2018-03-20 15:20:55]: Added  : "Engine\Content\EditorMaterials\MatineeGroups\MAT_Groups_AudioMaster.uasset" 1 kB 
[2018-03-20 15:20:55]: Added  : "Engine\Content\EditorMaterials\MatineeGroups\MAT_Groups_AudioMaster.uexp" 1 kB 
[2018-03-20 15:20:55]: Added  : "Engine\Content\EditorMaterials\MatineeGroups\MAT_Groups_Director.uasset" 1 kB 
[2018-03-20 15:20:55]: Added  : "Engine\Content\EditorMaterials\MatineeGroups\MAT_Groups_Director.uexp" 1 kB 
[2018-03-20 15:20:55]: Added  : "Engine\Content\EditorMaterials\MatineeGroups\MAT_Groups_Event.uasset" 1 kB 
[2018-03-20 15:20:55]: Added  : "Engine\Content\EditorMaterials\MatineeGroups\MAT_Groups_Event.uexp" 1 kB 
[2018-03-20 15:20:55]: Added  : "Engine\Content\EditorMaterials\MatineeGroups\MAT_Groups_Fade.uasset" 1 kB 
[2018-03-20 15:20:55]: Added  : "Engine\Content\EditorMaterials\MatineeGroups\MAT_Groups_Fade.uexp" 1 kB 
[2018-03-20 15:20:55]: Added  : "Engine\Content\EditorMaterials\MatineeGroups\MAT_Groups_Float.uasset" 1 kB 
[2018-03-20 15:20:55]: Added  : "Engine\Content\EditorMaterials\MatineeGroups\MAT_Groups_Float.uexp" 1 kB 
[2018-03-20 15:20:55]: Added  : "Engine\Content\EditorMaterials\MatineeGroups\MAT_Groups_Move.uasset" 1 kB 
[2018-03-20 15:20:55]: Added  : "Engine\Content\EditorMaterials\MatineeGroups\MAT_Groups_Move.uexp" 1 kB 
[2018-03-20 15:20:55]: Added  : "Engine\Content\EditorMaterials\MatineeGroups\MAT_Groups_Slomo.uasset" 1 kB 
[2018-03-20 15:20:55]: Added  : "Engine\Content\EditorMaterials\MatineeGroups\MAT_Groups_Slomo.uexp" 1 kB 
[2018-03-20 15:20:55]: Added  : "Engine\Content\EditorMaterials\MatineeGroups\MAT_Groups_Sound.uasset" 1 kB 
[2018-03-20 15:20:55]: Added  : "Engine\Content\EditorMaterials\MatineeGroups\MAT_Groups_Sound.uexp" 1 kB 
[2018-03-20 15:20:55]: Added  : "Engine\Content\EditorMaterials\MatineeGroups\MAT_Groups_Vector.uasset" 1 kB 
[2018-03-20 15:20:55]: Added  : "Engine\Content\EditorMaterials\MatineeGroups\MAT_Groups_Vector.uexp" 1 kB 
[2018-03-20 15:20:55]: Added  : "Engine\Content\EditorMaterials\MAT_Groups_Toggle.uasset" 1 kB 
[2018-03-20 15:20:55]: Added  : "Engine\Content\EditorMaterials\MAT_Groups_Toggle.uexp" 1 kB 
[2018-03-20 15:20:55]: Added  : "Engine\Content\EditorMaterials\MAT_Groups_Visibility.uasset" 1 kB 
[2018-03-20 15:20:55]: Added  : "Engine\Content\EditorMaterials\MAT_Groups_Visibility.uexp" 1 kB 
[2018-03-20 15:20:55]: Added  : "Engine\Content\EditorMaterials\ParticleSystems" 0 kB ,Flags: 64
[2018-03-20 15:20:55]: Added  : "Engine\Content\EditorMaterials\ParticleSystems\PSysThumbnail_NoImage.uasset" 1 kB 
[2018-03-20 15:20:55]: Added  : "Engine\Content\EditorMaterials\ParticleSystems\PSysThumbnail_NoImage.ubulk" 40 kB 
[2018-03-20 15:20:55]: Added  : "Engine\Content\EditorMaterials\ParticleSystems\PSysThumbnail_NoImage.uexp" 4 kB 
[2018-03-20 15:20:55]: Added  : "Engine\Content\EditorMaterials\ParticleSystems\PSysThumbnail_OOD.uasset" 1 kB 
[2018-03-20 15:20:55]: Added  : "Engine\Content\EditorMaterials\ParticleSystems\PSysThumbnail_OOD.ubulk" 16 kB 
[2018-03-20 15:20:55]: Added  : "Engine\Content\EditorMaterials\ParticleSystems\PSysThumbnail_OOD.uexp" 6 kB 
[2018-03-20 15:20:55]: Added  : "Engine\Content\EditorMaterials\PreviewShadowIndicator.uasset" 1 kB 
[2018-03-20 15:20:55]: Added  : "Engine\Content\EditorMaterials\PreviewShadowIndicator.ubulk" 1344 kB 
[2018-03-20 15:20:55]: Added  : "Engine\Content\EditorMaterials\PreviewShadowIndicator.uexp" 22 kB 
[2018-03-20 15:20:55]: Added  : "Engine\Content\EditorMaterials\PreviewShadowIndicatorMaterial.uasset" 4 kB 
[2018-03-20 15:20:55]: Added  : "Engine\Content\EditorMaterials\PreviewShadowIndicatorMaterial.uexp" 79 kB 
[2018-03-20 15:20:55]: Added  : "Engine\Content\EditorMeshes" 0 kB ,Flags: 64
[2018-03-20 15:20:55]: Added  : "Engine\Content\EditorMeshes\Camera" 0 kB ,Flags: 64
[2018-03-20 15:20:55]: Added  : "Engine\Content\EditorMeshes\Camera\SM_CraneRig_Arm.uasset" 3 kB 
[2018-03-20 15:20:55]: Added  : "Engine\Content\EditorMeshes\Camera\SM_CraneRig_Arm.uexp" 5 kB 
[2018-03-20 15:20:55]: Added  : "Engine\Content\EditorMeshes\Camera\SM_CraneRig_Base.uasset" 3 kB 
[2018-03-20 15:20:55]: Added  : "Engine\Content\EditorMeshes\Camera\SM_CraneRig_Base.uexp" 136 kB 
[2018-03-20 15:20:55]: Added  : "Engine\Content\EditorMeshes\Camera\SM_CraneRig_Body.uasset" 3 kB 
[2018-03-20 15:20:55]: Added  : "Engine\Content\EditorMeshes\Camera\SM_CraneRig_Body.uexp" 140 kB 
[2018-03-20 15:20:55]: Added  : "Engine\Content\EditorMeshes\Camera\SM_CraneRig_Mount.uasset" 3 kB 
[2018-03-20 15:20:55]: Added  : "Engine\Content\EditorMeshes\Camera\SM_CraneRig_Mount.uexp" 22 kB 
[2018-03-20 15:20:55]: Added  : "Engine\Content\EditorMeshes\Camera\SM_RailRig_Mount.uasset" 3 kB 
[2018-03-20 15:20:55]: Added  : "Engine\Content\EditorMeshes\Camera\SM_RailRig_Mount.uexp" 164 kB 
[2018-03-20 15:20:55]: Added  : "Engine\Content\EditorMeshes\Camera\SM_RailRig_Track.uasset" 3 kB 
[2018-03-20 15:20:55]: Added  : "Engine\Content\EditorMeshes\Camera\SM_RailRig_Track.uexp" 132 kB 
[2018-03-20 15:20:55]: Added  : "Engine\Content\EditorMeshes\ColorCalibrator" 0 kB ,Flags: 64
[2018-03-20 15:20:55]: Added  : "Engine\Content\EditorMeshes\ColorCalibrator\Color_checker.uasset" 1 kB 
[2018-03-20 15:20:55]: Added  : "Engine\Content\EditorMeshes\ColorCalibrator\Color_checker.ubulk" 2688 kB 
[2018-03-20 15:20:55]: Added  : "Engine\Content\EditorMeshes\ColorCalibrator\Color_checker.uexp" 44 kB 
[2018-03-20 15:20:55]: Added  : "Engine\Content\EditorMeshes\ColorCalibrator\M_ChromeBall.uasset" 3 kB 
[2018-03-20 15:20:55]: Added  : "Engine\Content\EditorMeshes\ColorCalibrator\M_ChromeBall.uexp" 110 kB 
[2018-03-20 15:20:55]: Added  : "Engine\Content\EditorMeshes\ColorCalibrator\M_ClearCoat.uasset" 3 kB 
[2018-03-20 15:20:55]: Added  : "Engine\Content\EditorMeshes\ColorCalibrator\M_ClearCoat.uexp" 116 kB 
[2018-03-20 15:20:55]: Added  : "Engine\Content\EditorMeshes\ColorCalibrator\M_ClearCoatBlack.uasset" 3 kB 
[2018-03-20 15:20:55]: Added  : "Engine\Content\EditorMeshes\ColorCalibrator\M_ClearCoatBlack.uexp" 108 kB 
[2018-03-20 15:20:55]: Added  : "Engine\Content\EditorMeshes\ColorCalibrator\M_ColorGrid.uasset" 4 kB 
[2018-03-20 15:20:55]: Added  : "Engine\Content\EditorMeshes\ColorCalibrator\M_ColorGrid.uexp" 113 kB 
[2018-03-20 15:20:55]: Added  : "Engine\Content\EditorMeshes\ColorCalibrator\M_GreyBall.uasset" 3 kB 
[2018-03-20 15:20:55]: Added  : "Engine\Content\EditorMeshes\ColorCalibrator\M_GreyBall.uexp" 109 kB 
[2018-03-20 15:20:55]: Added  : "Engine\Content\EditorMeshes\ColorCalibrator\SM_ColorCalibrator.uasset" 3 kB 
[2018-03-20 15:20:55]: Added  : "Engine\Content\EditorMeshes\ColorCalibrator\SM_ColorCalibrator.uexp" 2576 kB 
[2018-03-20 15:20:55]: Added  : "Engine\Content\EditorResources" 0 kB ,Flags: 64
[2018-03-20 15:20:55]: Added  : "Engine\Content\EditorResources\BSPVertex.uasset" 1 kB 
[2018-03-20 15:20:55]: Added  : "Engine\Content\EditorResources\BSPVertex.uexp" 1 kB 
[2018-03-20 15:20:55]: Added  : "Engine\Content\EditorResources\EmptyActor.uasset" 1 kB 
[2018-03-20 15:20:55]: Added  : "Engine\Content\EditorResources\EmptyActor.uexp" 342 kB 
[2018-03-20 15:20:55]: Added  : "Engine\Content\EditorResources\LightIcons" 0 kB ,Flags: 64
[2018-03-20 15:20:55]: Added  : "Engine\Content\EditorResources\LightIcons\S_LightError.uasset" 1 kB 
[2018-03-20 15:20:55]: Added  : "Engine\Content\EditorResources\LightIcons\S_LightError.uexp" 342 kB 
[2018-03-20 15:20:55]: Added  : "Engine\Content\EditorResources\SequenceRecorder" 0 kB ,Flags: 64
[2018-03-20 15:20:55]: Added  : "Engine\Content\EditorResources\SequenceRecorder\Countdown.uasset" 1 kB 
[2018-03-20 15:20:55]: Added  : "Engine\Content\EditorResources\SequenceRecorder\Countdown.uexp" 145 kB 
[2018-03-20 15:20:55]: Added  : "Engine\Content\EditorResources\SequenceRecorder\RecordingIndicator.uasset" 1 kB 
[2018-03-20 15:20:55]: Added  : "Engine\Content\EditorResources\SequenceRecorder\RecordingIndicator.uexp" 2 kB 
[2018-03-20 15:20:55]: Added  : "Engine\Content\EditorResources\S_Actor.uasset" 1 kB 
[2018-03-20 15:20:55]: Added  : "Engine\Content\EditorResources\S_Actor.ubulk" 64 kB 
[2018-03-20 15:20:55]: Added  : "Engine\Content\EditorResources\S_Actor.uexp" 22 kB 
[2018-03-20 15:20:55]: Added  : "Engine\Content\EditorResources\S_Trigger.uasset" 1 kB 
[2018-03-20 15:20:55]: Added  : "Engine\Content\EditorResources\S_Trigger.ubulk" 320 kB 
[2018-03-20 15:20:55]: Added  : "Engine\Content\EditorResources\S_Trigger.uexp" 22 kB 
[2018-03-20 15:20:55]: Added  : "Engine\Content\EditorSounds" 0 kB ,Flags: 64
[2018-03-20 15:20:55]: Added  : "Engine\Content\EditorSounds\Notifications" 0 kB ,Flags: 64
[2018-03-20 15:20:55]: Added  : "Engine\Content\EditorSounds\Notifications\CompileFailed.uasset" 1 kB 
[2018-03-20 15:20:55]: Added  : "Engine\Content\EditorSounds\Notifications\CompileFailed.uexp" 12 kB 
[2018-03-20 15:20:55]: Added  : "Engine\Content\EditorSounds\Notifications\CompileFailed_Cue.uasset" 2 kB 
[2018-03-20 15:20:55]: Added  : "Engine\Content\EditorSounds\Notifications\CompileFailed_Cue.uexp" 1 kB 
[2018-03-20 15:20:55]: Added  : "Engine\Content\EditorSounds\Notifications\CompileStart_Cue.uasset" 2 kB 
[2018-03-20 15:20:55]: Added  : "Engine\Content\EditorSounds\Notifications\CompileStart_Cue.uexp" 1 kB 
[2018-03-20 15:20:55]: Added  : "Engine\Content\EditorSounds\Notifications\CompileSuccess.uasset" 1 kB 
[2018-03-20 15:20:55]: Added  : "Engine\Content\EditorSounds\Notifications\CompileSuccess.uexp" 12 kB 
[2018-03-20 15:20:55]: Added  : "Engine\Content\EditorSounds\Notifications\CompileSuccess_Cue.uasset" 2 kB 
[2018-03-20 15:20:55]: Added  : "Engine\Content\EditorSounds\Notifications\CompileSuccess_Cue.uexp" 1 kB 
[2018-03-20 15:20:55]: Added  : "Engine\Content\EngineDamageTypes" 0 kB ,Flags: 64
[2018-03-20 15:20:55]: Added  : "Engine\Content\EngineDamageTypes\DmgTypeBP_Environmental.uasset" 2 kB 
[2018-03-20 15:20:55]: Added  : "Engine\Content\EngineDamageTypes\DmgTypeBP_Environmental.uexp" 1 kB 
[2018-03-20 15:20:55]: Added  : "Engine\Content\EngineDebugMaterials" 0 kB ,Flags: 64
[2018-03-20 15:20:55]: Added  : "Engine\Content\EngineDebugMaterials\BoneWeightMaterial.uasset" 4 kB 
[2018-03-20 15:20:55]: Added  : "Engine\Content\EngineDebugMaterials\BoneWeightMaterial.uexp" 391 kB 
[2018-03-20 15:20:55]: Added  : "Engine\Content\EngineDebugMaterials\ClothMaterial.uasset" 3 kB 
[2018-03-20 15:20:55]: Added  : "Engine\Content\EngineDebugMaterials\ClothMaterial.uexp" 32 kB 
[2018-03-20 15:20:55]: Added  : "Engine\Content\EngineDebugMaterials\ClothMaterial_WF.uasset" 3 kB 
[2018-03-20 15:20:55]: Added  : "Engine\Content\EngineDebugMaterials\ClothMaterial_WF.uexp" 53 kB 
[2018-03-20 15:20:55]: Added  : "Engine\Content\EngineDebugMaterials\DebugEditorMaterial.uasset" 3 kB 
[2018-03-20 15:20:55]: Added  : "Engine\Content\EngineDebugMaterials\DebugEditorMaterial.uexp" 24 kB 
[2018-03-20 15:20:55]: Added  : "Engine\Content\EngineDebugMaterials\DebugMeshMaterial.uasset" 3 kB 
[2018-03-20 15:20:55]: Added  : "Engine\Content\EngineDebugMaterials\DebugMeshMaterial.uexp" 38 kB 
[2018-03-20 15:20:55]: Added  : "Engine\Content\EngineDebugMaterials\GeomMaterial.uasset" 3 kB 
[2018-03-20 15:20:55]: Added  : "Engine\Content\EngineDebugMaterials\GeomMaterial.uexp" 35 kB 
[2018-03-20 15:20:55]: Added  : "Engine\Content\EngineDebugMaterials\HeatmapGradient.uasset" 1 kB 
[2018-03-20 15:20:55]: Added  : "Engine\Content\EngineDebugMaterials\HeatmapGradient.ubulk" 4 kB 
[2018-03-20 15:20:55]: Added  : "Engine\Content\EngineDebugMaterials\HeatmapGradient.uexp" 2 kB 
[2018-03-20 15:20:55]: Added  : "Engine\Content\EngineFonts" 0 kB ,Flags: 64
[2018-03-20 15:20:55]: Added  : "Engine\Content\EngineFonts\Faces" 0 kB ,Flags: 64
[2018-03-20 15:20:55]: Added  : "Engine\Content\EngineFonts\Faces\RobotoBold.uasset" 1 kB 
[2018-03-20 15:20:55]: Added  : "Engine\Content\EngineFonts\Faces\RobotoBold.uexp" 1 kB 
[2018-03-20 15:20:55]: Added  : "Engine\Content\EngineFonts\Faces\RobotoBold.ufont" 160 kB 
[2018-03-20 15:20:55]: Added  : "Engine\Content\EngineFonts\Faces\RobotoBoldItalic.uasset" 1 kB 
[2018-03-20 15:20:55]: Added  : "Engine\Content\EngineFonts\Faces\RobotoBoldItalic.uexp" 1 kB 
[2018-03-20 15:20:55]: Added  : "Engine\Content\EngineFonts\Faces\RobotoBoldItalic.ufont" 162 kB 
[2018-03-20 15:20:55]: Added  : "Engine\Content\EngineFonts\Faces\RobotoItalic.uasset" 1 kB 
[2018-03-20 15:20:55]: Added  : "Engine\Content\EngineFonts\Faces\RobotoItalic.uexp" 1 kB 
[2018-03-20 15:20:55]: Added  : "Engine\Content\EngineFonts\Faces\RobotoItalic.ufont" 157 kB 
[2018-03-20 15:20:55]: Added  : "Engine\Content\EngineFonts\Faces\RobotoLight.uasset" 1 kB 
[2018-03-20 15:20:55]: Added  : "Engine\Content\EngineFonts\Faces\RobotoLight.uexp" 1 kB 
[2018-03-20 15:20:55]: Added  : "Engine\Content\EngineFonts\Faces\RobotoLight.ufont" 159 kB 
[2018-03-20 15:20:55]: Added  : "Engine\Content\EngineFonts\Faces\RobotoRegular.uasset" 1 kB 
[2018-03-20 15:20:55]: Added  : "Engine\Content\EngineFonts\Faces\RobotoRegular.uexp" 1 kB 
[2018-03-20 15:20:55]: Added  : "Engine\Content\EngineFonts\Faces\RobotoRegular.ufont" 155 kB 
[2018-03-20 15:20:55]: Added  : "Engine\Content\EngineFonts\Faces\RobotoTiny.uasset" 1 kB 
[2018-03-20 15:20:55]: Added  : "Engine\Content\EngineFonts\Faces\RobotoTiny.uexp" 1 kB 
[2018-03-20 15:20:55]: Added  : "Engine\Content\EngineFonts\Faces\RobotoTiny.ufont" 159 kB 
[2018-03-20 15:20:55]: Added  : "Engine\Content\EngineFonts\Roboto.uasset" 2 kB 
[2018-03-20 15:20:55]: Added  : "Engine\Content\EngineFonts\Roboto.uexp" 1 kB 
[2018-03-20 15:20:55]: Added  : "Engine\Content\EngineFonts\RobotoDistanceField.uasset" 2 kB 
[2018-03-20 15:20:55]: Added  : "Engine\Content\EngineFonts\RobotoDistanceField.uexp" 135 kB 
[2018-03-20 15:20:55]: Added  : "Engine\Content\EngineFonts\RobotoTiny.uasset" 2 kB 
[2018-03-20 15:20:55]: Added  : "Engine\Content\EngineFonts\RobotoTiny.uexp" 1 kB 
[2018-03-20 15:20:55]: Added  : "Engine\Content\EngineMaterials" 0 kB ,Flags: 64
[2018-03-20 15:20:55]: Added  : "Engine\Content\EngineMaterials\DefaultBloomKernel.uasset" 1 kB 
[2018-03-20 15:20:55]: Added  : "Engine\Content\EngineMaterials\DefaultBloomKernel.uexp" 32769 kB 
[2018-03-20 15:20:55]: Added  : "Engine\Content\EngineMaterials\DefaultBokeh.uasset" 1 kB 
[2018-03-20 15:20:55]: Added  : "Engine\Content\EngineMaterials\DefaultBokeh.uexp" 22 kB 
[2018-03-20 15:20:55]: Added  : "Engine\Content\EngineMaterials\DefaultDeferredDecalMaterial.uasset" 5 kB 
[2018-03-20 15:20:55]: Added  : "Engine\Content\EngineMaterials\DefaultDeferredDecalMaterial.uexp" 567 kB 
[2018-03-20 15:20:55]: Added  : "Engine\Content\EngineMaterials\DefaultDiffuse.uasset" 1 kB 
[2018-03-20 15:20:55]: Added  : "Engine\Content\EngineMaterials\DefaultDiffuse.ubulk" 680 kB 
[2018-03-20 15:20:55]: Added  : "Engine\Content\EngineMaterials\DefaultDiffuse.uexp" 4 kB 
[2018-03-20 15:20:55]: Added  : "Engine\Content\EngineMaterials\DefaultLightFunctionMaterial.uasset" 3 kB 
[2018-03-20 15:20:55]: Added  : "Engine\Content\EngineMaterials\DefaultLightFunctionMaterial.uexp" 74 kB 
[2018-03-20 15:20:55]: Added  : "Engine\Content\EngineMaterials\DefaultMaterial.uasset" 6 kB 
[2018-03-20 15:20:55]: Added  : "Engine\Content\EngineMaterials\DefaultMaterial.uexp" 474 kB 
[2018-03-20 15:20:55]: Added  : "Engine\Content\EngineMaterials\DefaultPhysicalMaterial.uasset" 1 kB 
[2018-03-20 15:20:55]: Added  : "Engine\Content\EngineMaterials\DefaultPhysicalMaterial.uexp" 1 kB 
[2018-03-20 15:20:55]: Added  : "Engine\Content\EngineMaterials\DefaultPostProcessMaterial.uasset" 4 kB 
[2018-03-20 15:20:55]: Added  : "Engine\Content\EngineMaterials\DefaultPostProcessMaterial.uexp" 42 kB 
[2018-03-20 15:20:55]: Added  : "Engine\Content\EngineMaterials\DefaultTextMaterialOpaque.uasset" 4 kB 
[2018-03-20 15:20:55]: Added  : "Engine\Content\EngineMaterials\DefaultTextMaterialOpaque.uexp" 130 kB 
[2018-03-20 15:20:55]: Added  : "Engine\Content\EngineMaterials\DefaultWhiteGrid.uasset" 1 kB 
[2018-03-20 15:20:55]: Added  : "Engine\Content\EngineMaterials\DefaultWhiteGrid.ubulk" 8 kB 
[2018-03-20 15:20:55]: Added  : "Engine\Content\EngineMaterials\DefaultWhiteGrid.uexp" 4 kB 
[2018-03-20 15:20:55]: Added  : "Engine\Content\EngineMaterials\EditorBrushMaterial.uasset" 2 kB 
[2018-03-20 15:20:55]: Added  : "Engine\Content\EngineMaterials\EditorBrushMaterial.uexp" 34 kB 
[2018-03-20 15:20:55]: Added  : "Engine\Content\EngineMaterials\Good64x64TilingNoiseHighFreq.uasset" 1 kB 
[2018-03-20 15:20:55]: Added  : "Engine\Content\EngineMaterials\Good64x64TilingNoiseHighFreq.uexp" 5 kB 
[2018-03-20 15:20:55]: Added  : "Engine\Content\EngineMaterials\InvalidLightmapSettings.uasset" 1 kB 
[2018-03-20 15:20:55]: Added  : "Engine\Content\EngineMaterials\InvalidLightmapSettings.ubulk" 168 kB 
[2018-03-20 15:20:55]: Added  : "Engine\Content\EngineMaterials\InvalidLightmapSettings.uexp" 4 kB 
[2018-03-20 15:20:55]: Added  : "Engine\Content\EngineMaterials\MiniFont.uasset" 1 kB 
[2018-03-20 15:20:55]: Added  : "Engine\Content\EngineMaterials\MiniFont.uexp" 3 kB 
[2018-03-20 15:20:55]: Added  : "Engine\Content\EngineMaterials\M_InvalidLightmapSettings.uasset" 3 kB 
[2018-03-20 15:20:55]: Added  : "Engine\Content\EngineMaterials\M_InvalidLightmapSettings.uexp" 148 kB 
[2018-03-20 15:20:55]: Added  : "Engine\Content\EngineMaterials\PhAT_JointLimitMaterial.uasset" 4 kB 
[2018-03-20 15:20:55]: Added  : "Engine\Content\EngineMaterials\PhAT_JointLimitMaterial.uexp" 63 kB 
[2018-03-20 15:20:55]: Added  : "Engine\Content\EngineMaterials\PreintegratedSkinBRDF.uasset" 1 kB 
[2018-03-20 15:20:55]: Added  : "Engine\Content\EngineMaterials\PreintegratedSkinBRDF.uexp" 257 kB 
[2018-03-20 15:20:55]: Added  : "Engine\Content\EngineMaterials\RemoveSurfaceMaterial.uasset" 2 kB 
[2018-03-20 15:20:55]: Added  : "Engine\Content\EngineMaterials\RemoveSurfaceMaterial.uexp" 11 kB 
[2018-03-20 15:20:55]: Added  : "Engine\Content\EngineMaterials\T_Default_Material_Grid_M.uasset" 1 kB 
[2018-03-20 15:20:55]: Added  : "Engine\Content\EngineMaterials\T_Default_Material_Grid_M.ubulk" 336 kB 
[2018-03-20 15:20:55]: Added  : "Engine\Content\EngineMaterials\T_Default_Material_Grid_M.uexp" 6 kB 
[2018-03-20 15:20:55]: Added  : "Engine\Content\EngineMaterials\T_Default_Material_Grid_N.uasset" 1 kB 
[2018-03-20 15:20:55]: Added  : "Engine\Content\EngineMaterials\T_Default_Material_Grid_N.ubulk" 80 kB 
[2018-03-20 15:20:55]: Added  : "Engine\Content\EngineMaterials\T_Default_Material_Grid_N.uexp" 6 kB 
[2018-03-20 15:20:55]: Added  : "Engine\Content\EngineMaterials\WeightMapPlaceholderTexture.uasset" 1 kB 
[2018-03-20 15:20:55]: Added  : "Engine\Content\EngineMaterials\WeightMapPlaceholderTexture.uexp" 1 kB 
[2018-03-20 15:20:55]: Added  : "Engine\Content\EngineMaterials\Widget3DPassThrough.uasset" 4 kB 
[2018-03-20 15:20:55]: Added  : "Engine\Content\EngineMaterials\Widget3DPassThrough.uexp" 37 kB 
[2018-03-20 15:20:55]: Added  : "Engine\Content\EngineMaterials\Widget3DPassThrough_Masked.uasset" 3 kB 
[2018-03-20 15:20:55]: Added  : "Engine\Content\EngineMaterials\Widget3DPassThrough_Masked.uexp" 39 kB 
[2018-03-20 15:20:55]: Added  : "Engine\Content\EngineMaterials\Widget3DPassThrough_Masked_OneSided.uasset" 3 kB 
[2018-03-20 15:20:55]: Added  : "Engine\Content\EngineMaterials\Widget3DPassThrough_Masked_OneSided.uexp" 39 kB 
[2018-03-20 15:20:55]: Added  : "Engine\Content\EngineMaterials\Widget3DPassThrough_Opaque.uasset" 2 kB 
[2018-03-20 15:20:55]: Added  : "Engine\Content\EngineMaterials\Widget3DPassThrough_Opaque.uexp" 24 kB 
[2018-03-20 15:20:55]: Added  : "Engine\Content\EngineMaterials\Widget3DPassThrough_Opaque_OneSided.uasset" 2 kB 
[2018-03-20 15:20:55]: Added  : "Engine\Content\EngineMaterials\Widget3DPassThrough_Opaque_OneSided.uexp" 11 kB 
[2018-03-20 15:20:55]: Added  : "Engine\Content\EngineMaterials\Widget3DPassThrough_Translucent.uasset" 3 kB 
[2018-03-20 15:20:55]: Added  : "Engine\Content\EngineMaterials\Widget3DPassThrough_Translucent.uexp" 40 kB 
[2018-03-20 15:20:55]: Added  : "Engine\Content\EngineMaterials\Widget3DPassThrough_Translucent_OneSided.uasset" 3 kB 
[2018-03-20 15:20:55]: Added  : "Engine\Content\EngineMaterials\Widget3DPassThrough_Translucent_OneSided.uexp" 36 kB 
[2018-03-20 15:20:55]: Added  : "Engine\Content\EngineMaterials\WorldGridMaterial.uasset" 8 kB 
[2018-03-20 15:20:55]: Added  : "Engine\Content\EngineMaterials\WorldGridMaterial.uexp" 2571 kB 
[2018-03-20 15:20:55]: Added  : "Engine\Content\EngineMeshes" 0 kB ,Flags: 64
[2018-03-20 15:20:55]: Added  : "Engine\Content\EngineMeshes\Cube.uasset" 3 kB 
[2018-03-20 15:20:55]: Added  : "Engine\Content\EngineMeshes\Cube.uexp" 113 kB 
[2018-03-20 15:20:55]: Added  : "Engine\Content\EngineMeshes\Sphere.uasset" 3 kB 
[2018-03-20 15:20:55]: Added  : "Engine\Content\EngineMeshes\Sphere.uexp" 271 kB 
[2018-03-20 15:20:55]: Added  : "Engine\Content\EngineResources" 0 kB ,Flags: 64
[2018-03-20 15:20:55]: Added  : "Engine\Content\EngineResources\Black.uasset" 1 kB 
[2018-03-20 15:20:55]: Added  : "Engine\Content\EngineResources\Black.uexp" 1 kB 
[2018-03-20 15:20:55]: Added  : "Engine\Content\EngineResources\DefaultTexture.uasset" 1 kB 
[2018-03-20 15:20:55]: Added  : "Engine\Content\EngineResources\DefaultTexture.ubulk" 8 kB 
[2018-03-20 15:20:55]: Added  : "Engine\Content\EngineResources\DefaultTexture.uexp" 4 kB 
[2018-03-20 15:20:55]: Added  : "Engine\Content\EngineResources\DefaultTextureCube.uasset" 1 kB 
[2018-03-20 15:20:55]: Added  : "Engine\Content\EngineResources\DefaultTextureCube.uexp" 65 kB 
[2018-03-20 15:20:55]: Added  : "Engine\Content\EngineResources\GradientTexture0.uasset" 1 kB 
[2018-03-20 15:20:55]: Added  : "Engine\Content\EngineResources\GradientTexture0.uexp" 6 kB 
[2018-03-20 15:20:55]: Added  : "Engine\Content\EngineResources\WhiteSquareTexture.uasset" 1 kB 
[2018-03-20 15:20:55]: Added  : "Engine\Content\EngineResources\WhiteSquareTexture.uexp" 1 kB 
[2018-03-20 15:20:55]: Added  : "Engine\Content\EngineSounds" 0 kB ,Flags: 64
[2018-03-20 15:20:55]: Added  : "Engine\Content\EngineSounds\Master.uasset" 1 kB 
[2018-03-20 15:20:55]: Added  : "Engine\Content\EngineSounds\Master.uexp" 1 kB 
[2018-03-20 15:20:55]: Added  : "Engine\Content\Functions" 0 kB ,Flags: 64
[2018-03-20 15:20:55]: Added  : "Engine\Content\Functions\Engine_MaterialFunctions01" 0 kB ,Flags: 64
[2018-03-20 15:20:55]: Added  : "Engine\Content\Functions\Engine_MaterialFunctions01\Density" 0 kB ,Flags: 64
[2018-03-20 15:20:55]: Added  : "Engine\Content\Functions\Engine_MaterialFunctions01\Density\ExponentialDensity.uasset" 1 kB 
[2018-03-20 15:20:55]: Added  : "Engine\Content\Functions\Engine_MaterialFunctions01\Density\ExponentialDensity.uexp" 1 kB 
[2018-03-20 15:20:55]: Added  : "Engine\Content\Functions\Engine_MaterialFunctions01\Gradient" 0 kB ,Flags: 64
[2018-03-20 15:20:55]: Added  : "Engine\Content\Functions\Engine_MaterialFunctions01\Gradient\RadialGradient.uasset" 1 kB 
[2018-03-20 15:20:55]: Added  : "Engine\Content\Functions\Engine_MaterialFunctions01\Gradient\RadialGradient.uexp" 1 kB 
[2018-03-20 15:20:55]: Added  : "Engine\Content\Functions\Engine_MaterialFunctions01\Opacity" 0 kB ,Flags: 64
[2018-03-20 15:20:55]: Added  : "Engine\Content\Functions\Engine_MaterialFunctions01\Opacity\CameraDepthFade.uasset" 1 kB 
[2018-03-20 15:20:55]: Added  : "Engine\Content\Functions\Engine_MaterialFunctions01\Opacity\CameraDepthFade.uexp" 1 kB 
[2018-03-20 15:20:55]: Added  : "Engine\Content\Functions\Engine_MaterialFunctions01\Shading" 0 kB ,Flags: 64
[2018-03-20 15:20:55]: Added  : "Engine\Content\Functions\Engine_MaterialFunctions01\Shading\ConvertFromDiffSpec.uasset" 1 kB 
[2018-03-20 15:20:55]: Added  : "Engine\Content\Functions\Engine_MaterialFunctions01\Shading\ConvertFromDiffSpec.uexp" 1 kB 
[2018-03-20 15:20:55]: Added  : "Engine\Content\Functions\Engine_MaterialFunctions01\Shading\PowerToRoughness.uasset" 1 kB 
[2018-03-20 15:20:55]: Added  : "Engine\Content\Functions\Engine_MaterialFunctions01\Shading\PowerToRoughness.uexp" 1 kB 
[2018-03-20 15:20:55]: Added  : "Engine\Content\Functions\Engine_MaterialFunctions02" 0 kB ,Flags: 64
[2018-03-20 15:20:55]: Added  : "Engine\Content\Functions\Engine_MaterialFunctions02\Math" 0 kB ,Flags: 64
[2018-03-20 15:20:55]: Added  : "Engine\Content\Functions\Engine_MaterialFunctions02\Math\Transform3x3Matrix.uasset" 2 kB 
[2018-03-20 15:20:55]: Added  : "Engine\Content\Functions\Engine_MaterialFunctions02\Math\Transform3x3Matrix.uexp" 3 kB 
[2018-03-20 15:20:55]: Added  : "Engine\Content\Functions\Engine_MaterialFunctions02\SplitComponents.uasset" 1 kB 
[2018-03-20 15:20:55]: Added  : "Engine\Content\Functions\Engine_MaterialFunctions02\SplitComponents.uexp" 1 kB 
[2018-03-20 15:20:55]: Added  : "Engine\Content\Functions\Engine_MaterialFunctions02\Utility" 0 kB ,Flags: 64
[2018-03-20 15:20:55]: Added  : "Engine\Content\Functions\Engine_MaterialFunctions02\Utility\BreakOutFloat2Components.uasset" 1 kB 
[2018-03-20 15:20:55]: Added  : "Engine\Content\Functions\Engine_MaterialFunctions02\Utility\BreakOutFloat2Components.uexp" 1 kB 
[2018-03-20 15:20:55]: Added  : "Engine\Content\Functions\Engine_MaterialFunctions02\Utility\BreakOutFloat3Components.uasset" 1 kB 
[2018-03-20 15:20:55]: Added  : "Engine\Content\Functions\Engine_MaterialFunctions02\Utility\BreakOutFloat3Components.uexp" 1 kB 
[2018-03-20 15:20:55]: Added  : "Engine\Content\Functions\Engine_MaterialFunctions02\Utility\MakeFloat3.uasset" 1 kB 
[2018-03-20 15:20:55]: Added  : "Engine\Content\Functions\Engine_MaterialFunctions02\Utility\MakeFloat3.uexp" 1 kB 
[2018-03-20 15:20:55]: Added  : "Engine\Content\Functions\Engine_MaterialFunctions02\Utility\MakeFloat4.uasset" 1 kB 
[2018-03-20 15:20:55]: Added  : "Engine\Content\Functions\Engine_MaterialFunctions02\Utility\MakeFloat4.uexp" 1 kB 
[2018-03-20 15:20:55]: Added  : "Engine\Content\Functions\Engine_MaterialFunctions02\WorldPositionOffset" 0 kB ,Flags: 64
[2018-03-20 15:20:55]: Added  : "Engine\Content\Functions\Engine_MaterialFunctions02\WorldPositionOffset\CameraOffset.uasset" 1 kB 
[2018-03-20 15:20:55]: Added  : "Engine\Content\Functions\Engine_MaterialFunctions02\WorldPositionOffset\CameraOffset.uexp" 1 kB 
[2018-03-20 15:20:55]: Added  : "Engine\Content\Internationalization" 0 kB ,Flags: 64
[2018-03-20 15:20:55]: Added  : "Engine\Content\Internationalization\icudt53l" 0 kB ,Flags: 64
[2018-03-20 15:20:55]: Added  : "Engine\Content\Internationalization\icudt53l\brkitr" 0 kB ,Flags: 64
[2018-03-20 15:20:55]: Added  : "Engine\Content\Internationalization\icudt53l\brkitr\char.brk" 17 kB 
[2018-03-20 15:20:55]: Added  : "Engine\Content\Internationalization\icudt53l\brkitr\en.res" 1 kB 
[2018-03-20 15:20:55]: Added  : "Engine\Content\Internationalization\icudt53l\brkitr\en_US.res" 1 kB 
[2018-03-20 15:20:55]: Added  : "Engine\Content\Internationalization\icudt53l\brkitr\en_US_POSIX.res" 1 kB 
[2018-03-20 15:20:55]: Added  : "Engine\Content\Internationalization\icudt53l\brkitr\leet.res" 1 kB 
[2018-03-20 15:20:55]: Added  : "Engine\Content\Internationalization\icudt53l\brkitr\line.brk" 114 kB 
[2018-03-20 15:20:55]: Added  : "Engine\Content\Internationalization\icudt53l\brkitr\res_index.res" 1 kB 
[2018-03-20 15:20:55]: Added  : "Engine\Content\Internationalization\icudt53l\brkitr\root.res" 1 kB 
[2018-03-20 15:20:55]: Added  : "Engine\Content\Internationalization\icudt53l\brkitr\sent.brk" 30 kB 
[2018-03-20 15:20:55]: Added  : "Engine\Content\Internationalization\icudt53l\brkitr\title.brk" 15 kB 
[2018-03-20 15:20:55]: Added  : "Engine\Content\Internationalization\icudt53l\brkitr\word.brk" 42 kB 
[2018-03-20 15:20:55]: Added  : "Engine\Content\Internationalization\icudt53l\brkitr\word_POSIX.brk" 42 kB 
[2018-03-20 15:20:55]: Added  : "Engine\Content\Internationalization\icudt53l\cnvalias.icu" 63 kB 
[2018-03-20 15:20:55]: Added  : "Engine\Content\Internationalization\icudt53l\coll" 0 kB ,Flags: 64
[2018-03-20 15:20:55]: Added  : "Engine\Content\Internationalization\icudt53l\coll\en.res" 1 kB 
[2018-03-20 15:20:55]: Added  : "Engine\Content\Internationalization\icudt53l\coll\en_US.res" 1 kB 
[2018-03-20 15:20:55]: Added  : "Engine\Content\Internationalization\icudt53l\coll\en_US_POSIX.res" 16 kB 
[2018-03-20 15:20:55]: Added  : "Engine\Content\Internationalization\icudt53l\coll\leet.res" 16 kB 
[2018-03-20 15:20:55]: Added  : "Engine\Content\Internationalization\icudt53l\coll\res_index.res" 1 kB 
[2018-03-20 15:20:55]: Added  : "Engine\Content\Internationalization\icudt53l\coll\root.res" 170 kB 
[2018-03-20 15:20:55]: Added  : "Engine\Content\Internationalization\icudt53l\coll\ucadata.icu" 149 kB 
[2018-03-20 15:20:55]: Added  : "Engine\Content\Internationalization\icudt53l\confusables.cfu" 72 kB 
[2018-03-20 15:20:55]: Added  : "Engine\Content\Internationalization\icudt53l\curr" 0 kB ,Flags: 64
[2018-03-20 15:20:55]: Added  : "Engine\Content\Internationalization\icudt53l\curr\en.res" 44 kB 
[2018-03-20 15:20:55]: Added  : "Engine\Content\Internationalization\icudt53l\curr\en_001.res" 1 kB 
[2018-03-20 15:20:55]: Added  : "Engine\Content\Internationalization\icudt53l\curr\en_150.res" 1 kB 
[2018-03-20 15:20:55]: Added  : "Engine\Content\Internationalization\icudt53l\curr\en_AG.res" 1 kB 
[2018-03-20 15:20:55]: Added  : "Engine\Content\Internationalization\icudt53l\curr\en_AI.res" 1 kB 
[2018-03-20 15:20:55]: Added  : "Engine\Content\Internationalization\icudt53l\curr\en_AU.res" 1 kB 
[2018-03-20 15:20:55]: Added  : "Engine\Content\Internationalization\icudt53l\curr\en_BB.res" 1 kB 
[2018-03-20 15:20:55]: Added  : "Engine\Content\Internationalization\icudt53l\curr\en_BE.res" 1 kB 
[2018-03-20 15:20:55]: Added  : "Engine\Content\Internationalization\icudt53l\curr\en_BM.res" 1 kB 
[2018-03-20 15:20:55]: Added  : "Engine\Content\Internationalization\icudt53l\curr\en_BS.res" 1 kB 
[2018-03-20 15:20:55]: Added  : "Engine\Content\Internationalization\icudt53l\curr\en_BW.res" 1 kB 
[2018-03-20 15:20:55]: Added  : "Engine\Content\Internationalization\icudt53l\curr\en_BZ.res" 1 kB 
[2018-03-20 15:20:55]: Added  : "Engine\Content\Internationalization\icudt53l\curr\en_CA.res" 1 kB 
[2018-03-20 15:20:55]: Added  : "Engine\Content\Internationalization\icudt53l\curr\en_CC.res" 1 kB 
[2018-03-20 15:20:55]: Added  : "Engine\Content\Internationalization\icudt53l\curr\en_CK.res" 1 kB 
[2018-03-20 15:20:55]: Added  : "Engine\Content\Internationalization\icudt53l\curr\en_CM.res" 1 kB 
[2018-03-20 15:20:55]: Added  : "Engine\Content\Internationalization\icudt53l\curr\en_CX.res" 1 kB 
[2018-03-20 15:20:55]: Added  : "Engine\Content\Internationalization\icudt53l\curr\en_DG.res" 1 kB 
[2018-03-20 15:20:55]: Added  : "Engine\Content\Internationalization\icudt53l\curr\en_DM.res" 1 kB 
[2018-03-20 15:20:55]: Added  : "Engine\Content\Internationalization\icudt53l\curr\en_ER.res" 1 kB 
[2018-03-20 15:20:55]: Added  : "Engine\Content\Internationalization\icudt53l\curr\en_FJ.res" 1 kB 
[2018-03-20 15:20:55]: Added  : "Engine\Content\Internationalization\icudt53l\curr\en_FK.res" 1 kB 
[2018-03-20 15:20:55]: Added  : "Engine\Content\Internationalization\icudt53l\curr\en_FM.res" 1 kB 
[2018-03-20 15:20:55]: Added  : "Engine\Content\Internationalization\icudt53l\curr\en_GB.res" 4 kB 
[2018-03-20 15:20:55]: Added  : "Engine\Content\Internationalization\icudt53l\curr\en_GD.res" 1 kB 
[2018-03-20 15:20:55]: Added  : "Engine\Content\Internationalization\icudt53l\curr\en_GG.res" 1 kB 
[2018-03-20 15:20:55]: Added  : "Engine\Content\Internationalization\icudt53l\curr\en_GH.res" 1 kB 
[2018-03-20 15:20:55]: Added  : "Engine\Content\Internationalization\icudt53l\curr\en_GI.res" 1 kB 
[2018-03-20 15:20:55]: Added  : "Engine\Content\Internationalization\icudt53l\curr\en_GM.res" 1 kB 
[2018-03-20 15:20:55]: Added  : "Engine\Content\Internationalization\icudt53l\curr\en_GY.res" 1 kB 
[2018-03-20 15:20:55]: Added  : "Engine\Content\Internationalization\icudt53l\curr\en_HK.res" 1 kB 
[2018-03-20 15:20:55]: Added  : "Engine\Content\Internationalization\icudt53l\curr\en_IE.res" 1 kB 
[2018-03-20 15:20:55]: Added  : "Engine\Content\Internationalization\icudt53l\curr\en_IM.res" 1 kB 
[2018-03-20 15:20:55]: Added  : "Engine\Content\Internationalization\icudt53l\curr\en_IN.res" 1 kB 
[2018-03-20 15:20:55]: Added  : "Engine\Content\Internationalization\icudt53l\curr\en_IO.res" 1 kB 
[2018-03-20 15:20:55]: Added  : "Engine\Content\Internationalization\icudt53l\curr\en_JE.res" 1 kB 
[2018-03-20 15:20:55]: Added  : "Engine\Content\Internationalization\icudt53l\curr\en_JM.res" 1 kB 
[2018-03-20 15:20:55]: Added  : "Engine\Content\Internationalization\icudt53l\curr\en_KE.res" 1 kB 
[2018-03-20 15:20:55]: Added  : "Engine\Content\Internationalization\icudt53l\curr\en_KI.res" 1 kB 
[2018-03-20 15:20:55]: Added  : "Engine\Content\Internationalization\icudt53l\curr\en_KN.res" 1 kB 
[2018-03-20 15:20:55]: Added  : "Engine\Content\Internationalization\icudt53l\curr\en_KY.res" 1 kB 
[2018-03-20 15:20:55]: Added  : "Engine\Content\Internationalization\icudt53l\curr\en_LC.res" 1 kB 
[2018-03-20 15:20:55]: Added  : "Engine\Content\Internationalization\icudt53l\curr\en_LR.res" 1 kB 
[2018-03-20 15:20:55]: Added  : "Engine\Content\Internationalization\icudt53l\curr\en_LS.res" 1 kB 
[2018-03-20 15:20:55]: Added  : "Engine\Content\Internationalization\icudt53l\curr\en_MG.res" 1 kB 
[2018-03-20 15:20:55]: Added  : "Engine\Content\Internationalization\icudt53l\curr\en_MO.res" 1 kB 
[2018-03-20 15:20:55]: Added  : "Engine\Content\Internationalization\icudt53l\curr\en_MS.res" 1 kB 
[2018-03-20 15:20:55]: Added  : "Engine\Content\Internationalization\icudt53l\curr\en_MT.res" 1 kB 
[2018-03-20 15:20:55]: Added  : "Engine\Content\Internationalization\icudt53l\curr\en_MU.res" 1 kB 
[2018-03-20 15:20:55]: Added  : "Engine\Content\Internationalization\icudt53l\curr\en_MW.res" 1 kB 
[2018-03-20 15:20:55]: Added  : "Engine\Content\Internationalization\icudt53l\curr\en_NA.res" 1 kB 
[2018-03-20 15:20:55]: Added  : "Engine\Content\Internationalization\icudt53l\curr\en_NF.res" 1 kB 
[2018-03-20 15:20:55]: Added  : "Engine\Content\Internationalization\icudt53l\curr\en_NG.res" 1 kB 
[2018-03-20 15:20:55]: Added  : "Engine\Content\Internationalization\icudt53l\curr\en_NH.res" 1 kB 
[2018-03-20 15:20:55]: Added  : "Engine\Content\Internationalization\icudt53l\curr\en_NR.res" 1 kB 
[2018-03-20 15:20:55]: Added  : "Engine\Content\Internationalization\icudt53l\curr\en_NU.res" 1 kB 
[2018-03-20 15:20:55]: Added  : "Engine\Content\Internationalization\icudt53l\curr\en_NZ.res" 1 kB 
[2018-03-20 15:20:55]: Added  : "Engine\Content\Internationalization\icudt53l\curr\en_PG.res" 1 kB 
[2018-03-20 15:20:55]: Added  : "Engine\Content\Internationalization\icudt53l\curr\en_PH.res" 1 kB 
[2018-03-20 15:20:55]: Added  : "Engine\Content\Internationalization\icudt53l\curr\en_PK.res" 1 kB 
[2018-03-20 15:20:55]: Added  : "Engine\Content\Internationalization\icudt53l\curr\en_PN.res" 1 kB 
[2018-03-20 15:20:55]: Added  : "Engine\Content\Internationalization\icudt53l\curr\en_PW.res" 1 kB 
[2018-03-20 15:20:55]: Added  : "Engine\Content\Internationalization\icudt53l\curr\en_RH.res" 1 kB 
[2018-03-20 15:20:55]: Added  : "Engine\Content\Internationalization\icudt53l\curr\en_RW.res" 1 kB 
[2018-03-20 15:20:55]: Added  : "Engine\Content\Internationalization\icudt53l\curr\en_SB.res" 1 kB 
[2018-03-20 15:20:55]: Added  : "Engine\Content\Internationalization\icudt53l\curr\en_SC.res" 1 kB 
[2018-03-20 15:20:55]: Added  : "Engine\Content\Internationalization\icudt53l\curr\en_SD.res" 1 kB 
[2018-03-20 15:20:55]: Added  : "Engine\Content\Internationalization\icudt53l\curr\en_SG.res" 1 kB 
[2018-03-20 15:20:55]: Added  : "Engine\Content\Internationalization\icudt53l\curr\en_SH.res" 1 kB 
[2018-03-20 15:20:55]: Added  : "Engine\Content\Internationalization\icudt53l\curr\en_SL.res" 1 kB 
[2018-03-20 15:20:55]: Added  : "Engine\Content\Internationalization\icudt53l\curr\en_SS.res" 1 kB 
[2018-03-20 15:20:55]: Added  : "Engine\Content\Internationalization\icudt53l\curr\en_SX.res" 1 kB 
[2018-03-20 15:20:55]: Added  : "Engine\Content\Internationalization\icudt53l\curr\en_SZ.res" 1 kB 
[2018-03-20 15:20:55]: Added  : "Engine\Content\Internationalization\icudt53l\curr\en_TC.res" 1 kB 
[2018-03-20 15:20:55]: Added  : "Engine\Content\Internationalization\icudt53l\curr\en_TK.res" 1 kB 
[2018-03-20 15:20:55]: Added  : "Engine\Content\Internationalization\icudt53l\curr\en_TO.res" 1 kB 
[2018-03-20 15:20:55]: Added  : "Engine\Content\Internationalization\icudt53l\curr\en_TT.res" 1 kB 
[2018-03-20 15:20:55]: Added  : "Engine\Content\Internationalization\icudt53l\curr\en_TV.res" 1 kB 
[2018-03-20 15:20:55]: Added  : "Engine\Content\Internationalization\icudt53l\curr\en_TZ.res" 1 kB 
[2018-03-20 15:20:55]: Added  : "Engine\Content\Internationalization\icudt53l\curr\en_UG.res" 1 kB 
[2018-03-20 15:20:55]: Added  : "Engine\Content\Internationalization\icudt53l\curr\en_VC.res" 1 kB 
[2018-03-20 15:20:55]: Added  : "Engine\Content\Internationalization\icudt53l\curr\en_VG.res" 1 kB 
[2018-03-20 15:20:55]: Added  : "Engine\Content\Internationalization\icudt53l\curr\en_VU.res" 1 kB 
[2018-03-20 15:20:55]: Added  : "Engine\Content\Internationalization\icudt53l\curr\en_WS.res" 1 kB 
[2018-03-20 15:20:55]: Added  : "Engine\Content\Internationalization\icudt53l\curr\en_ZA.res" 1 kB 
[2018-03-20 15:20:55]: Added  : "Engine\Content\Internationalization\icudt53l\curr\en_ZM.res" 1 kB 
[2018-03-20 15:20:55]: Added  : "Engine\Content\Internationalization\icudt53l\curr\en_ZW.res" 1 kB 
[2018-03-20 15:20:55]: Added  : "Engine\Content\Internationalization\icudt53l\curr\leet.res" 44 kB 
[2018-03-20 15:20:55]: Added  : "Engine\Content\Internationalization\icudt53l\curr\pool.res" 3 kB 
[2018-03-20 15:20:55]: Added  : "Engine\Content\Internationalization\icudt53l\curr\res_index.res" 1 kB 
[2018-03-20 15:20:55]: Added  : "Engine\Content\Internationalization\icudt53l\curr\root.res" 1 kB 
[2018-03-20 15:20:55]: Added  : "Engine\Content\Internationalization\icudt53l\curr\supplementalData.res" 25 kB 
[2018-03-20 15:20:55]: Added  : "Engine\Content\Internationalization\icudt53l\en.res" 16 kB 
[2018-03-20 15:20:55]: Added  : "Engine\Content\Internationalization\icudt53l\en_001.res" 1 kB 
[2018-03-20 15:20:55]: Added  : "Engine\Content\Internationalization\icudt53l\en_150.res" 1 kB 
[2018-03-20 15:20:55]: Added  : "Engine\Content\Internationalization\icudt53l\en_AG.res" 1 kB 
[2018-03-20 15:20:55]: Added  : "Engine\Content\Internationalization\icudt53l\en_AI.res" 1 kB 
[2018-03-20 15:20:55]: Added  : "Engine\Content\Internationalization\icudt53l\en_AS.res" 1 kB 
[2018-03-20 15:20:55]: Added  : "Engine\Content\Internationalization\icudt53l\en_AU.res" 3 kB 
[2018-03-20 15:20:55]: Added  : "Engine\Content\Internationalization\icudt53l\en_BB.res" 1 kB 
[2018-03-20 15:20:55]: Added  : "Engine\Content\Internationalization\icudt53l\en_BE.res" 1 kB 
[2018-03-20 15:20:55]: Added  : "Engine\Content\Internationalization\icudt53l\en_BM.res" 1 kB 
[2018-03-20 15:20:55]: Added  : "Engine\Content\Internationalization\icudt53l\en_BS.res" 1 kB 
[2018-03-20 15:20:55]: Added  : "Engine\Content\Internationalization\icudt53l\en_BW.res" 1 kB 
[2018-03-20 15:20:55]: Added  : "Engine\Content\Internationalization\icudt53l\en_BZ.res" 1 kB 
[2018-03-20 15:20:55]: Added  : "Engine\Content\Internationalization\icudt53l\en_CA.res" 1 kB 
[2018-03-20 15:20:55]: Added  : "Engine\Content\Internationalization\icudt53l\en_CC.res" 1 kB 
[2018-03-20 15:20:55]: Added  : "Engine\Content\Internationalization\icudt53l\en_CK.res" 1 kB 
[2018-03-20 15:20:55]: Added  : "Engine\Content\Internationalization\icudt53l\en_CM.res" 1 kB 
[2018-03-20 15:20:55]: Added  : "Engine\Content\Internationalization\icudt53l\en_CX.res" 1 kB 
[2018-03-20 15:20:55]: Added  : "Engine\Content\Internationalization\icudt53l\en_DG.res" 1 kB 
[2018-03-20 15:20:55]: Added  : "Engine\Content\Internationalization\icudt53l\en_DM.res" 1 kB 
[2018-03-20 15:20:55]: Added  : "Engine\Content\Internationalization\icudt53l\en_ER.res" 1 kB 
[2018-03-20 15:20:55]: Added  : "Engine\Content\Internationalization\icudt53l\en_FJ.res" 1 kB 
[2018-03-20 15:20:55]: Added  : "Engine\Content\Internationalization\icudt53l\en_FK.res" 1 kB 
[2018-03-20 15:20:55]: Added  : "Engine\Content\Internationalization\icudt53l\en_FM.res" 1 kB 
[2018-03-20 15:20:55]: Added  : "Engine\Content\Internationalization\icudt53l\en_GB.res" 7 kB 
[2018-03-20 15:20:55]: Added  : "Engine\Content\Internationalization\icudt53l\en_GD.res" 1 kB 
[2018-03-20 15:20:55]: Added  : "Engine\Content\Internationalization\icudt53l\en_GG.res" 1 kB 
[2018-03-20 15:20:55]: Added  : "Engine\Content\Internationalization\icudt53l\en_GH.res" 1 kB 
[2018-03-20 15:20:55]: Added  : "Engine\Content\Internationalization\icudt53l\en_GI.res" 1 kB 
[2018-03-20 15:20:55]: Added  : "Engine\Content\Internationalization\icudt53l\en_GM.res" 1 kB 
[2018-03-20 15:20:55]: Added  : "Engine\Content\Internationalization\icudt53l\en_GU.res" 1 kB 
[2018-03-20 15:20:55]: Added  : "Engine\Content\Internationalization\icudt53l\en_GY.res" 1 kB 
[2018-03-20 15:20:55]: Added  : "Engine\Content\Internationalization\icudt53l\en_HK.res" 11 kB 
[2018-03-20 15:20:55]: Added  : "Engine\Content\Internationalization\icudt53l\en_IE.res" 3 kB 
[2018-03-20 15:20:55]: Added  : "Engine\Content\Internationalization\icudt53l\en_IM.res" 1 kB 
[2018-03-20 15:20:55]: Added  : "Engine\Content\Internationalization\icudt53l\en_IN.res" 1 kB 
[2018-03-20 15:20:55]: Added  : "Engine\Content\Internationalization\icudt53l\en_IO.res" 1 kB 
[2018-03-20 15:20:55]: Added  : "Engine\Content\Internationalization\icudt53l\en_JE.res" 1 kB 
[2018-03-20 15:20:55]: Added  : "Engine\Content\Internationalization\icudt53l\en_JM.res" 1 kB 
[2018-03-20 15:20:55]: Added  : "Engine\Content\Internationalization\icudt53l\en_KE.res" 1 kB 
[2018-03-20 15:20:55]: Added  : "Engine\Content\Internationalization\icudt53l\en_KI.res" 1 kB 
[2018-03-20 15:20:55]: Added  : "Engine\Content\Internationalization\icudt53l\en_KN.res" 1 kB 
[2018-03-20 15:20:55]: Added  : "Engine\Content\Internationalization\icudt53l\en_KY.res" 1 kB 
[2018-03-20 15:20:55]: Added  : "Engine\Content\Internationalization\icudt53l\en_LC.res" 1 kB 
[2018-03-20 15:20:55]: Added  : "Engine\Content\Internationalization\icudt53l\en_LR.res" 1 kB 
[2018-03-20 15:20:55]: Added  : "Engine\Content\Internationalization\icudt53l\en_LS.res" 1 kB 
[2018-03-20 15:20:55]: Added  : "Engine\Content\Internationalization\icudt53l\en_MG.res" 1 kB 
[2018-03-20 15:20:55]: Added  : "Engine\Content\Internationalization\icudt53l\en_MH.res" 1 kB 
[2018-03-20 15:20:55]: Added  : "Engine\Content\Internationalization\icudt53l\en_MO.res" 1 kB 
[2018-03-20 15:20:55]: Added  : "Engine\Content\Internationalization\icudt53l\en_MP.res" 1 kB 
[2018-03-20 15:20:55]: Added  : "Engine\Content\Internationalization\icudt53l\en_MS.res" 1 kB 
[2018-03-20 15:20:55]: Added  : "Engine\Content\Internationalization\icudt53l\en_MT.res" 1 kB 
[2018-03-20 15:20:55]: Added  : "Engine\Content\Internationalization\icudt53l\en_MU.res" 1 kB 
[2018-03-20 15:20:55]: Added  : "Engine\Content\Internationalization\icudt53l\en_MW.res" 1 kB 
[2018-03-20 15:20:55]: Added  : "Engine\Content\Internationalization\icudt53l\en_NA.res" 1 kB 
[2018-03-20 15:20:55]: Added  : "Engine\Content\Internationalization\icudt53l\en_NF.res" 1 kB 
[2018-03-20 15:20:55]: Added  : "Engine\Content\Internationalization\icudt53l\en_NG.res" 1 kB 
[2018-03-20 15:20:55]: Added  : "Engine\Content\Internationalization\icudt53l\en_NH.res" 1 kB 
[2018-03-20 15:20:55]: Added  : "Engine\Content\Internationalization\icudt53l\en_NR.res" 1 kB 
[2018-03-20 15:20:55]: Added  : "Engine\Content\Internationalization\icudt53l\en_NU.res" 1 kB 
[2018-03-20 15:20:55]: Added  : "Engine\Content\Internationalization\icudt53l\en_NZ.res" 3 kB 
[2018-03-20 15:20:55]: Added  : "Engine\Content\Internationalization\icudt53l\en_PG.res" 1 kB 
[2018-03-20 15:20:55]: Added  : "Engine\Content\Internationalization\icudt53l\en_PH.res" 1 kB 
[2018-03-20 15:20:55]: Added  : "Engine\Content\Internationalization\icudt53l\en_PK.res" 1 kB 
[2018-03-20 15:20:55]: Added  : "Engine\Content\Internationalization\icudt53l\en_PN.res" 1 kB 
[2018-03-20 15:20:55]: Added  : "Engine\Content\Internationalization\icudt53l\en_PR.res" 1 kB 
[2018-03-20 15:20:55]: Added  : "Engine\Content\Internationalization\icudt53l\en_PW.res" 1 kB 
[2018-03-20 15:20:55]: Added  : "Engine\Content\Internationalization\icudt53l\en_RH.res" 1 kB 
[2018-03-20 15:20:55]: Added  : "Engine\Content\Internationalization\icudt53l\en_RW.res" 1 kB 
[2018-03-20 15:20:55]: Added  : "Engine\Content\Internationalization\icudt53l\en_SB.res" 1 kB 
[2018-03-20 15:20:55]: Added  : "Engine\Content\Internationalization\icudt53l\en_SC.res" 1 kB 
[2018-03-20 15:20:55]: Added  : "Engine\Content\Internationalization\icudt53l\en_SD.res" 1 kB 
[2018-03-20 15:20:55]: Added  : "Engine\Content\Internationalization\icudt53l\en_SG.res" 2 kB 
[2018-03-20 15:20:55]: Added  : "Engine\Content\Internationalization\icudt53l\en_SH.res" 1 kB 
[2018-03-20 15:20:55]: Added  : "Engine\Content\Internationalization\icudt53l\en_SL.res" 1 kB 
[2018-03-20 15:20:55]: Added  : "Engine\Content\Internationalization\icudt53l\en_SS.res" 1 kB 
[2018-03-20 15:20:55]: Added  : "Engine\Content\Internationalization\icudt53l\en_SX.res" 1 kB 
[2018-03-20 15:20:55]: Added  : "Engine\Content\Internationalization\icudt53l\en_SZ.res" 1 kB 
[2018-03-20 15:20:55]: Added  : "Engine\Content\Internationalization\icudt53l\en_TC.res" 1 kB 
[2018-03-20 15:20:55]: Added  : "Engine\Content\Internationalization\icudt53l\en_TK.res" 1 kB 
[2018-03-20 15:20:55]: Added  : "Engine\Content\Internationalization\icudt53l\en_TO.res" 1 kB 
[2018-03-20 15:20:55]: Added  : "Engine\Content\Internationalization\icudt53l\en_TT.res" 1 kB 
[2018-03-20 15:20:55]: Added  : "Engine\Content\Internationalization\icudt53l\en_TV.res" 1 kB 
[2018-03-20 15:20:55]: Added  : "Engine\Content\Internationalization\icudt53l\en_TZ.res" 1 kB 
[2018-03-20 15:20:55]: Added  : "Engine\Content\Internationalization\icudt53l\en_UG.res" 1 kB 
[2018-03-20 15:20:55]: Added  : "Engine\Content\Internationalization\icudt53l\en_UM.res" 1 kB 
[2018-03-20 15:20:55]: Added  : "Engine\Content\Internationalization\icudt53l\en_US.res" 1 kB 
[2018-03-20 15:20:55]: Added  : "Engine\Content\Internationalization\icudt53l\en_US_POSIX.res" 1 kB 
[2018-03-20 15:20:55]: Added  : "Engine\Content\Internationalization\icudt53l\en_VC.res" 1 kB 
[2018-03-20 15:20:55]: Added  : "Engine\Content\Internationalization\icudt53l\en_VG.res" 1 kB 
[2018-03-20 15:20:55]: Added  : "Engine\Content\Internationalization\icudt53l\en_VI.res" 1 kB 
[2018-03-20 15:20:55]: Added  : "Engine\Content\Internationalization\icudt53l\en_VU.res" 1 kB 
[2018-03-20 15:20:55]: Added  : "Engine\Content\Internationalization\icudt53l\en_WS.res" 1 kB 
[2018-03-20 15:20:55]: Added  : "Engine\Content\Internationalization\icudt53l\en_ZA.res" 1 kB 
[2018-03-20 15:20:55]: Added  : "Engine\Content\Internationalization\icudt53l\en_ZM.res" 1 kB 
[2018-03-20 15:20:55]: Added  : "Engine\Content\Internationalization\icudt53l\en_ZW.res" 1 kB 
[2018-03-20 15:20:55]: Added  : "Engine\Content\Internationalization\icudt53l\ibm-1047_P100-1995.cnv" 3 kB 
[2018-03-20 15:20:55]: Added  : "Engine\Content\Internationalization\icudt53l\ibm-37_P100-1995.cnv" 3 kB 
[2018-03-20 15:20:55]: Added  : "Engine\Content\Internationalization\icudt53l\keyTypeData.res" 2 kB 
[2018-03-20 15:20:55]: Added  : "Engine\Content\Internationalization\icudt53l\lang" 0 kB ,Flags: 64
[2018-03-20 15:20:55]: Added  : "Engine\Content\Internationalization\icudt53l\lang\en.res" 22 kB 
[2018-03-20 15:20:55]: Added  : "Engine\Content\Internationalization\icudt53l\lang\en_150.res" 1 kB 
[2018-03-20 15:20:55]: Added  : "Engine\Content\Internationalization\icudt53l\lang\en_AG.res" 1 kB 
[2018-03-20 15:20:55]: Added  : "Engine\Content\Internationalization\icudt53l\lang\en_AI.res" 1 kB 
[2018-03-20 15:20:55]: Added  : "Engine\Content\Internationalization\icudt53l\lang\en_AU.res" 1 kB 
[2018-03-20 15:20:55]: Added  : "Engine\Content\Internationalization\icudt53l\lang\en_BB.res" 1 kB 
[2018-03-20 15:20:55]: Added  : "Engine\Content\Internationalization\icudt53l\lang\en_BE.res" 1 kB 
[2018-03-20 15:20:55]: Added  : "Engine\Content\Internationalization\icudt53l\lang\en_BM.res" 1 kB 
[2018-03-20 15:20:55]: Added  : "Engine\Content\Internationalization\icudt53l\lang\en_BS.res" 1 kB 
[2018-03-20 15:20:55]: Added  : "Engine\Content\Internationalization\icudt53l\lang\en_BW.res" 1 kB 
[2018-03-20 15:20:55]: Added  : "Engine\Content\Internationalization\icudt53l\lang\en_BZ.res" 1 kB 
[2018-03-20 15:20:55]: Added  : "Engine\Content\Internationalization\icudt53l\lang\en_CC.res" 1 kB 
[2018-03-20 15:20:55]: Added  : "Engine\Content\Internationalization\icudt53l\lang\en_CK.res" 1 kB 
[2018-03-20 15:20:55]: Added  : "Engine\Content\Internationalization\icudt53l\lang\en_CM.res" 1 kB 
[2018-03-20 15:20:55]: Added  : "Engine\Content\Internationalization\icudt53l\lang\en_CX.res" 1 kB 
[2018-03-20 15:20:55]: Added  : "Engine\Content\Internationalization\icudt53l\lang\en_DG.res" 1 kB 
[2018-03-20 15:20:55]: Added  : "Engine\Content\Internationalization\icudt53l\lang\en_DM.res" 1 kB 
[2018-03-20 15:20:55]: Added  : "Engine\Content\Internationalization\icudt53l\lang\en_ER.res" 1 kB 
[2018-03-20 15:20:55]: Added  : "Engine\Content\Internationalization\icudt53l\lang\en_FJ.res" 1 kB 
[2018-03-20 15:20:55]: Added  : "Engine\Content\Internationalization\icudt53l\lang\en_FK.res" 1 kB 
[2018-03-20 15:20:55]: Added  : "Engine\Content\Internationalization\icudt53l\lang\en_FM.res" 1 kB 
[2018-03-20 15:20:55]: Added  : "Engine\Content\Internationalization\icudt53l\lang\en_GB.res" 1 kB 
[2018-03-20 15:20:55]: Added  : "Engine\Content\Internationalization\icudt53l\lang\en_GD.res" 1 kB 
[2018-03-20 15:20:55]: Added  : "Engine\Content\Internationalization\icudt53l\lang\en_GG.res" 1 kB 
[2018-03-20 15:20:55]: Added  : "Engine\Content\Internationalization\icudt53l\lang\en_GH.res" 1 kB 
[2018-03-20 15:20:55]: Added  : "Engine\Content\Internationalization\icudt53l\lang\en_GI.res" 1 kB 
[2018-03-20 15:20:55]: Added  : "Engine\Content\Internationalization\icudt53l\lang\en_GM.res" 1 kB 
[2018-03-20 15:20:55]: Added  : "Engine\Content\Internationalization\icudt53l\lang\en_GY.res" 1 kB 
[2018-03-20 15:20:55]: Added  : "Engine\Content\Internationalization\icudt53l\lang\en_HK.res" 1 kB 
[2018-03-20 15:20:55]: Added  : "Engine\Content\Internationalization\icudt53l\lang\en_IE.res" 1 kB 
[2018-03-20 15:20:55]: Added  : "Engine\Content\Internationalization\icudt53l\lang\en_IM.res" 1 kB 
[2018-03-20 15:20:55]: Added  : "Engine\Content\Internationalization\icudt53l\lang\en_IN.res" 1 kB 
[2018-03-20 15:20:55]: Added  : "Engine\Content\Internationalization\icudt53l\lang\en_IO.res" 1 kB 
[2018-03-20 15:20:55]: Added  : "Engine\Content\Internationalization\icudt53l\lang\en_JE.res" 1 kB 
[2018-03-20 15:20:55]: Added  : "Engine\Content\Internationalization\icudt53l\lang\en_JM.res" 1 kB 
[2018-03-20 15:20:55]: Added  : "Engine\Content\Internationalization\icudt53l\lang\en_KE.res" 1 kB 
[2018-03-20 15:20:55]: Added  : "Engine\Content\Internationalization\icudt53l\lang\en_KI.res" 1 kB 
[2018-03-20 15:20:55]: Added  : "Engine\Content\Internationalization\icudt53l\lang\en_KN.res" 1 kB 
[2018-03-20 15:20:55]: Added  : "Engine\Content\Internationalization\icudt53l\lang\en_KY.res" 1 kB 
[2018-03-20 15:20:55]: Added  : "Engine\Content\Internationalization\icudt53l\lang\en_LC.res" 1 kB 
[2018-03-20 15:20:55]: Added  : "Engine\Content\Internationalization\icudt53l\lang\en_LR.res" 1 kB 
[2018-03-20 15:20:55]: Added  : "Engine\Content\Internationalization\icudt53l\lang\en_LS.res" 1 kB 
[2018-03-20 15:20:55]: Added  : "Engine\Content\Internationalization\icudt53l\lang\en_MG.res" 1 kB 
[2018-03-20 15:20:55]: Added  : "Engine\Content\Internationalization\icudt53l\lang\en_MO.res" 1 kB 
[2018-03-20 15:20:55]: Added  : "Engine\Content\Internationalization\icudt53l\lang\en_MS.res" 1 kB 
[2018-03-20 15:20:55]: Added  : "Engine\Content\Internationalization\icudt53l\lang\en_MT.res" 1 kB 
[2018-03-20 15:20:55]: Added  : "Engine\Content\Internationalization\icudt53l\lang\en_MU.res" 1 kB 
[2018-03-20 15:20:55]: Added  : "Engine\Content\Internationalization\icudt53l\lang\en_MW.res" 1 kB 
[2018-03-20 15:20:55]: Added  : "Engine\Content\Internationalization\icudt53l\lang\en_NA.res" 1 kB 
[2018-03-20 15:20:55]: Added  : "Engine\Content\Internationalization\icudt53l\lang\en_NF.res" 1 kB 
[2018-03-20 15:20:55]: Added  : "Engine\Content\Internationalization\icudt53l\lang\en_NG.res" 1 kB 
[2018-03-20 15:20:55]: Added  : "Engine\Content\Internationalization\icudt53l\lang\en_NH.res" 1 kB 
[2018-03-20 15:20:55]: Added  : "Engine\Content\Internationalization\icudt53l\lang\en_NR.res" 1 kB 
[2018-03-20 15:20:55]: Added  : "Engine\Content\Internationalization\icudt53l\lang\en_NU.res" 1 kB 
[2018-03-20 15:20:55]: Added  : "Engine\Content\Internationalization\icudt53l\lang\en_NZ.res" 1 kB 
[2018-03-20 15:20:55]: Added  : "Engine\Content\Internationalization\icudt53l\lang\en_PG.res" 1 kB 
[2018-03-20 15:20:55]: Added  : "Engine\Content\Internationalization\icudt53l\lang\en_PH.res" 1 kB 
[2018-03-20 15:20:55]: Added  : "Engine\Content\Internationalization\icudt53l\lang\en_PK.res" 1 kB 
[2018-03-20 15:20:55]: Added  : "Engine\Content\Internationalization\icudt53l\lang\en_PN.res" 1 kB 
[2018-03-20 15:20:55]: Added  : "Engine\Content\Internationalization\icudt53l\lang\en_PW.res" 1 kB 
[2018-03-20 15:20:55]: Added  : "Engine\Content\Internationalization\icudt53l\lang\en_RH.res" 1 kB 
[2018-03-20 15:20:55]: Added  : "Engine\Content\Internationalization\icudt53l\lang\en_RW.res" 1 kB 
[2018-03-20 15:20:55]: Added  : "Engine\Content\Internationalization\icudt53l\lang\en_SB.res" 1 kB 
[2018-03-20 15:20:55]: Added  : "Engine\Content\Internationalization\icudt53l\lang\en_SC.res" 1 kB 
[2018-03-20 15:20:55]: Added  : "Engine\Content\Internationalization\icudt53l\lang\en_SD.res" 1 kB 
[2018-03-20 15:20:55]: Added  : "Engine\Content\Internationalization\icudt53l\lang\en_SG.res" 1 kB 
[2018-03-20 15:20:55]: Added  : "Engine\Content\Internationalization\icudt53l\lang\en_SH.res" 1 kB 
[2018-03-20 15:20:55]: Added  : "Engine\Content\Internationalization\icudt53l\lang\en_SL.res" 1 kB 
[2018-03-20 15:20:55]: Added  : "Engine\Content\Internationalization\icudt53l\lang\en_SS.res" 1 kB 
[2018-03-20 15:20:55]: Added  : "Engine\Content\Internationalization\icudt53l\lang\en_SX.res" 1 kB 
[2018-03-20 15:20:55]: Added  : "Engine\Content\Internationalization\icudt53l\lang\en_SZ.res" 1 kB 
[2018-03-20 15:20:55]: Added  : "Engine\Content\Internationalization\icudt53l\lang\en_TC.res" 1 kB 
[2018-03-20 15:20:55]: Added  : "Engine\Content\Internationalization\icudt53l\lang\en_TK.res" 1 kB 
[2018-03-20 15:20:55]: Added  : "Engine\Content\Internationalization\icudt53l\lang\en_TO.res" 1 kB 
[2018-03-20 15:20:55]: Added  : "Engine\Content\Internationalization\icudt53l\lang\en_TT.res" 1 kB 
[2018-03-20 15:20:55]: Added  : "Engine\Content\Internationalization\icudt53l\lang\en_TV.res" 1 kB 
[2018-03-20 15:20:55]: Added  : "Engine\Content\Internationalization\icudt53l\lang\en_TZ.res" 1 kB 
[2018-03-20 15:20:55]: Added  : "Engine\Content\Internationalization\icudt53l\lang\en_UG.res" 1 kB 
[2018-03-20 15:20:55]: Added  : "Engine\Content\Internationalization\icudt53l\lang\en_VC.res" 1 kB 
[2018-03-20 15:20:55]: Added  : "Engine\Content\Internationalization\icudt53l\lang\en_VG.res" 1 kB 
[2018-03-20 15:20:55]: Added  : "Engine\Content\Internationalization\icudt53l\lang\en_VU.res" 1 kB 
[2018-03-20 15:20:55]: Added  : "Engine\Content\Internationalization\icudt53l\lang\en_WS.res" 1 kB 
[2018-03-20 15:20:55]: Added  : "Engine\Content\Internationalization\icudt53l\lang\en_ZA.res" 1 kB 
[2018-03-20 15:20:55]: Added  : "Engine\Content\Internationalization\icudt53l\lang\en_ZM.res" 1 kB 
[2018-03-20 15:20:55]: Added  : "Engine\Content\Internationalization\icudt53l\lang\en_ZW.res" 1 kB 
[2018-03-20 15:20:55]: Added  : "Engine\Content\Internationalization\icudt53l\lang\leet.res" 22 kB 
[2018-03-20 15:20:55]: Added  : "Engine\Content\Internationalization\icudt53l\lang\pool.res" 4 kB 
[2018-03-20 15:20:55]: Added  : "Engine\Content\Internationalization\icudt53l\lang\res_index.res" 1 kB 
[2018-03-20 15:20:55]: Added  : "Engine\Content\Internationalization\icudt53l\lang\root.res" 1 kB 
[2018-03-20 15:20:55]: Added  : "Engine\Content\Internationalization\icudt53l\leet.res" 16 kB 
[2018-03-20 15:20:55]: Added  : "Engine\Content\Internationalization\icudt53l\metaZones.res" 40 kB 
[2018-03-20 15:20:55]: Added  : "Engine\Content\Internationalization\icudt53l\nfc.nrm" 33 kB 
[2018-03-20 15:20:55]: Added  : "Engine\Content\Internationalization\icudt53l\nfkc.nrm" 51 kB 
[2018-03-20 15:20:55]: Added  : "Engine\Content\Internationalization\icudt53l\nfkc_cf.nrm" 48 kB 
[2018-03-20 15:20:55]: Added  : "Engine\Content\Internationalization\icudt53l\numberingSystems.res" 4 kB 
[2018-03-20 15:20:55]: Added  : "Engine\Content\Internationalization\icudt53l\plurals.res" 29 kB 
[2018-03-20 15:20:55]: Added  : "Engine\Content\Internationalization\icudt53l\pool.res" 3 kB 
[2018-03-20 15:20:55]: Added  : "Engine\Content\Internationalization\icudt53l\rbnf" 0 kB ,Flags: 64
[2018-03-20 15:20:55]: Added  : "Engine\Content\Internationalization\icudt53l\rbnf\en.res" 9 kB 
[2018-03-20 15:20:55]: Added  : "Engine\Content\Internationalization\icudt53l\rbnf\leet.res" 9 kB 
[2018-03-20 15:20:55]: Added  : "Engine\Content\Internationalization\icudt53l\rbnf\res_index.res" 1 kB 
[2018-03-20 15:20:55]: Added  : "Engine\Content\Internationalization\icudt53l\rbnf\root.res" 14 kB 
[2018-03-20 15:20:55]: Added  : "Engine\Content\Internationalization\icudt53l\region" 0 kB ,Flags: 64
[2018-03-20 15:20:55]: Added  : "Engine\Content\Internationalization\icudt53l\region\en.res" 8 kB 
[2018-03-20 15:20:55]: Added  : "Engine\Content\Internationalization\icudt53l\region\en_150.res" 1 kB 
[2018-03-20 15:20:55]: Added  : "Engine\Content\Internationalization\icudt53l\region\en_AG.res" 1 kB 
[2018-03-20 15:20:55]: Added  : "Engine\Content\Internationalization\icudt53l\region\en_AI.res" 1 kB 
[2018-03-20 15:20:55]: Added  : "Engine\Content\Internationalization\icudt53l\region\en_AU.res" 1 kB 
[2018-03-20 15:20:55]: Added  : "Engine\Content\Internationalization\icudt53l\region\en_BB.res" 1 kB 
[2018-03-20 15:20:55]: Added  : "Engine\Content\Internationalization\icudt53l\region\en_BE.res" 1 kB 
[2018-03-20 15:20:55]: Added  : "Engine\Content\Internationalization\icudt53l\region\en_BM.res" 1 kB 
[2018-03-20 15:20:55]: Added  : "Engine\Content\Internationalization\icudt53l\region\en_BS.res" 1 kB 
[2018-03-20 15:20:55]: Added  : "Engine\Content\Internationalization\icudt53l\region\en_BW.res" 1 kB 
[2018-03-20 15:20:55]: Added  : "Engine\Content\Internationalization\icudt53l\region\en_BZ.res" 1 kB 
[2018-03-20 15:20:55]: Added  : "Engine\Content\Internationalization\icudt53l\region\en_CC.res" 1 kB 
[2018-03-20 15:20:55]: Added  : "Engine\Content\Internationalization\icudt53l\region\en_CK.res" 1 kB 
[2018-03-20 15:20:55]: Added  : "Engine\Content\Internationalization\icudt53l\region\en_CM.res" 1 kB 
[2018-03-20 15:20:55]: Added  : "Engine\Content\Internationalization\icudt53l\region\en_CX.res" 1 kB 
[2018-03-20 15:20:55]: Added  : "Engine\Content\Internationalization\icudt53l\region\en_DG.res" 1 kB 
[2018-03-20 15:20:55]: Added  : "Engine\Content\Internationalization\icudt53l\region\en_DM.res" 1 kB 
[2018-03-20 15:20:55]: Added  : "Engine\Content\Internationalization\icudt53l\region\en_ER.res" 1 kB 
[2018-03-20 15:20:55]: Added  : "Engine\Content\Internationalization\icudt53l\region\en_FJ.res" 1 kB 
[2018-03-20 15:20:55]: Added  : "Engine\Content\Internationalization\icudt53l\region\en_FK.res" 1 kB 
[2018-03-20 15:20:55]: Added  : "Engine\Content\Internationalization\icudt53l\region\en_FM.res" 1 kB 
[2018-03-20 15:20:55]: Added  : "Engine\Content\Internationalization\icudt53l\region\en_GB.res" 1 kB 
[2018-03-20 15:20:55]: Added  : "Engine\Content\Internationalization\icudt53l\region\en_GD.res" 1 kB 
[2018-03-20 15:20:55]: Added  : "Engine\Content\Internationalization\icudt53l\region\en_GG.res" 1 kB 
[2018-03-20 15:20:55]: Added  : "Engine\Content\Internationalization\icudt53l\region\en_GH.res" 1 kB 
[2018-03-20 15:20:55]: Added  : "Engine\Content\Internationalization\icudt53l\region\en_GI.res" 1 kB 
[2018-03-20 15:20:55]: Added  : "Engine\Content\Internationalization\icudt53l\region\en_GM.res" 1 kB 
[2018-03-20 15:20:55]: Added  : "Engine\Content\Internationalization\icudt53l\region\en_GY.res" 1 kB 
[2018-03-20 15:20:55]: Added  : "Engine\Content\Internationalization\icudt53l\region\en_HK.res" 1 kB 
[2018-03-20 15:20:55]: Added  : "Engine\Content\Internationalization\icudt53l\region\en_IE.res" 1 kB 
[2018-03-20 15:20:55]: Added  : "Engine\Content\Internationalization\icudt53l\region\en_IM.res" 1 kB 
[2018-03-20 15:20:55]: Added  : "Engine\Content\Internationalization\icudt53l\region\en_IN.res" 1 kB 
[2018-03-20 15:20:55]: Added  : "Engine\Content\Internationalization\icudt53l\region\en_IO.res" 1 kB 
[2018-03-20 15:20:55]: Added  : "Engine\Content\Internationalization\icudt53l\region\en_JE.res" 1 kB 
[2018-03-20 15:20:55]: Added  : "Engine\Content\Internationalization\icudt53l\region\en_JM.res" 1 kB 
[2018-03-20 15:20:55]: Added  : "Engine\Content\Internationalization\icudt53l\region\en_KE.res" 1 kB 
[2018-03-20 15:20:55]: Added  : "Engine\Content\Internationalization\icudt53l\region\en_KI.res" 1 kB 
[2018-03-20 15:20:55]: Added  : "Engine\Content\Internationalization\icudt53l\region\en_KN.res" 1 kB 
[2018-03-20 15:20:55]: Added  : "Engine\Content\Internationalization\icudt53l\region\en_KY.res" 1 kB 
[2018-03-20 15:20:55]: Added  : "Engine\Content\Internationalization\icudt53l\region\en_LC.res" 1 kB 
[2018-03-20 15:20:55]: Added  : "Engine\Content\Internationalization\icudt53l\region\en_LR.res" 1 kB 
[2018-03-20 15:20:55]: Added  : "Engine\Content\Internationalization\icudt53l\region\en_LS.res" 1 kB 
[2018-03-20 15:20:55]: Added  : "Engine\Content\Internationalization\icudt53l\region\en_MG.res" 1 kB 
[2018-03-20 15:20:55]: Added  : "Engine\Content\Internationalization\icudt53l\region\en_MO.res" 1 kB 
[2018-03-20 15:20:55]: Added  : "Engine\Content\Internationalization\icudt53l\region\en_MS.res" 1 kB 
[2018-03-20 15:20:55]: Added  : "Engine\Content\Internationalization\icudt53l\region\en_MT.res" 1 kB 
[2018-03-20 15:20:55]: Added  : "Engine\Content\Internationalization\icudt53l\region\en_MU.res" 1 kB 
[2018-03-20 15:20:55]: Added  : "Engine\Content\Internationalization\icudt53l\region\en_MW.res" 1 kB 
[2018-03-20 15:20:55]: Added  : "Engine\Content\Internationalization\icudt53l\region\en_NA.res" 1 kB 
[2018-03-20 15:20:55]: Added  : "Engine\Content\Internationalization\icudt53l\region\en_NF.res" 1 kB 
[2018-03-20 15:20:55]: Added  : "Engine\Content\Internationalization\icudt53l\region\en_NG.res" 1 kB 
[2018-03-20 15:20:55]: Added  : "Engine\Content\Internationalization\icudt53l\region\en_NH.res" 1 kB 
[2018-03-20 15:20:55]: Added  : "Engine\Content\Internationalization\icudt53l\region\en_NR.res" 1 kB 
[2018-03-20 15:20:55]: Added  : "Engine\Content\Internationalization\icudt53l\region\en_NU.res" 1 kB 
[2018-03-20 15:20:55]: Added  : "Engine\Content\Internationalization\icudt53l\region\en_NZ.res" 1 kB 
[2018-03-20 15:20:55]: Added  : "Engine\Content\Internationalization\icudt53l\region\en_PG.res" 1 kB 
[2018-03-20 15:20:55]: Added  : "Engine\Content\Internationalization\icudt53l\region\en_PH.res" 1 kB 
[2018-03-20 15:20:55]: Added  : "Engine\Content\Internationalization\icudt53l\region\en_PK.res" 1 kB 
[2018-03-20 15:20:55]: Added  : "Engine\Content\Internationalization\icudt53l\region\en_PN.res" 1 kB 
[2018-03-20 15:20:55]: Added  : "Engine\Content\Internationalization\icudt53l\region\en_PW.res" 1 kB 
[2018-03-20 15:20:55]: Added  : "Engine\Content\Internationalization\icudt53l\region\en_RH.res" 1 kB 
[2018-03-20 15:20:55]: Added  : "Engine\Content\Internationalization\icudt53l\region\en_RW.res" 1 kB 
[2018-03-20 15:20:55]: Added  : "Engine\Content\Internationalization\icudt53l\region\en_SB.res" 1 kB 
[2018-03-20 15:20:55]: Added  : "Engine\Content\Internationalization\icudt53l\region\en_SC.res" 1 kB 
[2018-03-20 15:20:55]: Added  : "Engine\Content\Internationalization\icudt53l\region\en_SD.res" 1 kB 
[2018-03-20 15:20:55]: Added  : "Engine\Content\Internationalization\icudt53l\region\en_SG.res" 1 kB 
[2018-03-20 15:20:55]: Added  : "Engine\Content\Internationalization\icudt53l\region\en_SH.res" 1 kB 
[2018-03-20 15:20:55]: Added  : "Engine\Content\Internationalization\icudt53l\region\en_SL.res" 1 kB 
[2018-03-20 15:20:55]: Added  : "Engine\Content\Internationalization\icudt53l\region\en_SS.res" 1 kB 
[2018-03-20 15:20:55]: Added  : "Engine\Content\Internationalization\icudt53l\region\en_SX.res" 1 kB 
[2018-03-20 15:20:55]: Added  : "Engine\Content\Internationalization\icudt53l\region\en_SZ.res" 1 kB 
[2018-03-20 15:20:55]: Added  : "Engine\Content\Internationalization\icudt53l\region\en_TC.res" 1 kB 
[2018-03-20 15:20:55]: Added  : "Engine\Content\Internationalization\icudt53l\region\en_TK.res" 1 kB 
[2018-03-20 15:20:55]: Added  : "Engine\Content\Internationalization\icudt53l\region\en_TO.res" 1 kB 
[2018-03-20 15:20:55]: Added  : "Engine\Content\Internationalization\icudt53l\region\en_TT.res" 1 kB 
[2018-03-20 15:20:55]: Added  : "Engine\Content\Internationalization\icudt53l\region\en_TV.res" 1 kB 
[2018-03-20 15:20:55]: Added  : "Engine\Content\Internationalization\icudt53l\region\en_TZ.res" 1 kB 
[2018-03-20 15:20:55]: Added  : "Engine\Content\Internationalization\icudt53l\region\en_UG.res" 1 kB 
[2018-03-20 15:20:55]: Added  : "Engine\Content\Internationalization\icudt53l\region\en_VC.res" 1 kB 
[2018-03-20 15:20:55]: Added  : "Engine\Content\Internationalization\icudt53l\region\en_VG.res" 1 kB 
[2018-03-20 15:20:55]: Added  : "Engine\Content\Internationalization\icudt53l\region\en_VU.res" 1 kB 
[2018-03-20 15:20:55]: Added  : "Engine\Content\Internationalization\icudt53l\region\en_WS.res" 1 kB 
[2018-03-20 15:20:55]: Added  : "Engine\Content\Internationalization\icudt53l\region\en_ZA.res" 1 kB 
[2018-03-20 15:20:55]: Added  : "Engine\Content\Internationalization\icudt53l\region\en_ZM.res" 1 kB 
[2018-03-20 15:20:55]: Added  : "Engine\Content\Internationalization\icudt53l\region\en_ZW.res" 1 kB 
[2018-03-20 15:20:55]: Added  : "Engine\Content\Internationalization\icudt53l\region\leet.res" 8 kB 
[2018-03-20 15:20:55]: Added  : "Engine\Content\Internationalization\icudt53l\region\pool.res" 2 kB 
[2018-03-20 15:20:55]: Added  : "Engine\Content\Internationalization\icudt53l\region\res_index.res" 1 kB 
[2018-03-20 15:20:55]: Added  : "Engine\Content\Internationalization\icudt53l\region\root.res" 1 kB 
[2018-03-20 15:20:55]: Added  : "Engine\Content\Internationalization\icudt53l\res_index.res" 2 kB 
[2018-03-20 15:20:55]: Added  : "Engine\Content\Internationalization\icudt53l\root.res" 47 kB 
[2018-03-20 15:20:55]: Added  : "Engine\Content\Internationalization\icudt53l\timezoneTypes.res" 20 kB 
[2018-03-20 15:20:55]: Added  : "Engine\Content\Internationalization\icudt53l\unames.icu" 200 kB 
[2018-03-20 15:20:55]: Added  : "Engine\Content\Internationalization\icudt53l\uts46.nrm" 55 kB 
[2018-03-20 15:20:55]: Added  : "Engine\Content\Internationalization\icudt53l\windowsZones.res" 20 kB 
[2018-03-20 15:20:55]: Added  : "Engine\Content\Internationalization\icudt53l\zone" 0 kB ,Flags: 64
[2018-03-20 15:20:55]: Added  : "Engine\Content\Internationalization\icudt53l\zoneinfo64.res" 147 kB 
[2018-03-20 15:20:55]: Added  : "Engine\Content\Internationalization\icudt53l\zone\en.res" 16 kB 
[2018-03-20 15:20:55]: Added  : "Engine\Content\Internationalization\icudt53l\zone\en_001.res" 1 kB 
[2018-03-20 15:20:55]: Added  : "Engine\Content\Internationalization\icudt53l\zone\en_150.res" 1 kB 
[2018-03-20 15:20:55]: Added  : "Engine\Content\Internationalization\icudt53l\zone\en_AG.res" 1 kB 
[2018-03-20 15:20:55]: Added  : "Engine\Content\Internationalization\icudt53l\zone\en_AI.res" 1 kB 
[2018-03-20 15:20:55]: Added  : "Engine\Content\Internationalization\icudt53l\zone\en_AU.res" 1 kB 
[2018-03-20 15:20:55]: Added  : "Engine\Content\Internationalization\icudt53l\zone\en_BB.res" 1 kB 
[2018-03-20 15:20:55]: Added  : "Engine\Content\Internationalization\icudt53l\zone\en_BE.res" 1 kB 
[2018-03-20 15:20:55]: Added  : "Engine\Content\Internationalization\icudt53l\zone\en_BM.res" 1 kB 
[2018-03-20 15:20:55]: Added  : "Engine\Content\Internationalization\icudt53l\zone\en_BS.res" 1 kB 
[2018-03-20 15:20:55]: Added  : "Engine\Content\Internationalization\icudt53l\zone\en_BW.res" 1 kB 
[2018-03-20 15:20:55]: Added  : "Engine\Content\Internationalization\icudt53l\zone\en_BZ.res" 1 kB 
[2018-03-20 15:20:55]: Added  : "Engine\Content\Internationalization\icudt53l\zone\en_CA.res" 1 kB 
[2018-03-20 15:20:55]: Added  : "Engine\Content\Internationalization\icudt53l\zone\en_CC.res" 1 kB 
[2018-03-20 15:20:55]: Added  : "Engine\Content\Internationalization\icudt53l\zone\en_CK.res" 1 kB 
[2018-03-20 15:20:55]: Added  : "Engine\Content\Internationalization\icudt53l\zone\en_CM.res" 1 kB 
[2018-03-20 15:20:55]: Added  : "Engine\Content\Internationalization\icudt53l\zone\en_CX.res" 1 kB 
[2018-03-20 15:20:55]: Added  : "Engine\Content\Internationalization\icudt53l\zone\en_DG.res" 1 kB 
[2018-03-20 15:20:55]: Added  : "Engine\Content\Internationalization\icudt53l\zone\en_DM.res" 1 kB 
[2018-03-20 15:20:55]: Added  : "Engine\Content\Internationalization\icudt53l\zone\en_ER.res" 1 kB 
[2018-03-20 15:20:55]: Added  : "Engine\Content\Internationalization\icudt53l\zone\en_FJ.res" 1 kB 
[2018-03-20 15:20:55]: Added  : "Engine\Content\Internationalization\icudt53l\zone\en_FK.res" 1 kB 
[2018-03-20 15:20:55]: Added  : "Engine\Content\Internationalization\icudt53l\zone\en_FM.res" 1 kB 
[2018-03-20 15:20:55]: Added  : "Engine\Content\Internationalization\icudt53l\zone\en_GB.res" 3 kB 
[2018-03-20 15:20:55]: Added  : "Engine\Content\Internationalization\icudt53l\zone\en_GD.res" 1 kB 
[2018-03-20 15:20:55]: Added  : "Engine\Content\Internationalization\icudt53l\zone\en_GG.res" 1 kB 
[2018-03-20 15:20:55]: Added  : "Engine\Content\Internationalization\icudt53l\zone\en_GH.res" 1 kB 
[2018-03-20 15:20:55]: Added  : "Engine\Content\Internationalization\icudt53l\zone\en_GI.res" 1 kB 
[2018-03-20 15:20:55]: Added  : "Engine\Content\Internationalization\icudt53l\zone\en_GM.res" 1 kB 
[2018-03-20 15:20:55]: Added  : "Engine\Content\Internationalization\icudt53l\zone\en_GU.res" 1 kB 
[2018-03-20 15:20:55]: Added  : "Engine\Content\Internationalization\icudt53l\zone\en_GY.res" 1 kB 
[2018-03-20 15:20:55]: Added  : "Engine\Content\Internationalization\icudt53l\zone\en_HK.res" 1 kB 
[2018-03-20 15:20:55]: Added  : "Engine\Content\Internationalization\icudt53l\zone\en_IE.res" 1 kB 
[2018-03-20 15:20:55]: Added  : "Engine\Content\Internationalization\icudt53l\zone\en_IM.res" 1 kB 
[2018-03-20 15:20:55]: Added  : "Engine\Content\Internationalization\icudt53l\zone\en_IN.res" 1 kB 
[2018-03-20 15:20:55]: Added  : "Engine\Content\Internationalization\icudt53l\zone\en_IO.res" 1 kB 
[2018-03-20 15:20:55]: Added  : "Engine\Content\Internationalization\icudt53l\zone\en_JE.res" 1 kB 
[2018-03-20 15:20:55]: Added  : "Engine\Content\Internationalization\icudt53l\zone\en_JM.res" 1 kB 
[2018-03-20 15:20:55]: Added  : "Engine\Content\Internationalization\icudt53l\zone\en_KE.res" 1 kB 
[2018-03-20 15:20:55]: Added  : "Engine\Content\Internationalization\icudt53l\zone\en_KI.res" 1 kB 
[2018-03-20 15:20:55]: Added  : "Engine\Content\Internationalization\icudt53l\zone\en_KN.res" 1 kB 
[2018-03-20 15:20:55]: Added  : "Engine\Content\Internationalization\icudt53l\zone\en_KY.res" 1 kB 
[2018-03-20 15:20:55]: Added  : "Engine\Content\Internationalization\icudt53l\zone\en_LC.res" 1 kB 
[2018-03-20 15:20:55]: Added  : "Engine\Content\Internationalization\icudt53l\zone\en_LR.res" 1 kB 
[2018-03-20 15:20:55]: Added  : "Engine\Content\Internationalization\icudt53l\zone\en_LS.res" 1 kB 
[2018-03-20 15:20:55]: Added  : "Engine\Content\Internationalization\icudt53l\zone\en_MG.res" 1 kB 
[2018-03-20 15:20:55]: Added  : "Engine\Content\Internationalization\icudt53l\zone\en_MH.res" 1 kB 
[2018-03-20 15:20:55]: Added  : "Engine\Content\Internationalization\icudt53l\zone\en_MO.res" 1 kB 
[2018-03-20 15:20:55]: Added  : "Engine\Content\Internationalization\icudt53l\zone\en_MP.res" 1 kB 
[2018-03-20 15:20:55]: Added  : "Engine\Content\Internationalization\icudt53l\zone\en_MS.res" 1 kB 
[2018-03-20 15:20:55]: Added  : "Engine\Content\Internationalization\icudt53l\zone\en_MT.res" 1 kB 
[2018-03-20 15:20:55]: Added  : "Engine\Content\Internationalization\icudt53l\zone\en_MU.res" 1 kB 
[2018-03-20 15:20:55]: Added  : "Engine\Content\Internationalization\icudt53l\zone\en_MW.res" 1 kB 
[2018-03-20 15:20:55]: Added  : "Engine\Content\Internationalization\icudt53l\zone\en_NA.res" 1 kB 
[2018-03-20 15:20:55]: Added  : "Engine\Content\Internationalization\icudt53l\zone\en_NF.res" 1 kB 
[2018-03-20 15:20:55]: Added  : "Engine\Content\Internationalization\icudt53l\zone\en_NG.res" 1 kB 
[2018-03-20 15:20:55]: Added  : "Engine\Content\Internationalization\icudt53l\zone\en_NH.res" 1 kB 
[2018-03-20 15:20:55]: Added  : "Engine\Content\Internationalization\icudt53l\zone\en_NR.res" 1 kB 
[2018-03-20 15:20:55]: Added  : "Engine\Content\Internationalization\icudt53l\zone\en_NU.res" 1 kB 
[2018-03-20 15:20:55]: Added  : "Engine\Content\Internationalization\icudt53l\zone\en_NZ.res" 1 kB 
[2018-03-20 15:20:55]: Added  : "Engine\Content\Internationalization\icudt53l\zone\en_PG.res" 1 kB 
[2018-03-20 15:20:55]: Added  : "Engine\Content\Internationalization\icudt53l\zone\en_PH.res" 1 kB 
[2018-03-20 15:20:55]: Added  : "Engine\Content\Internationalization\icudt53l\zone\en_PK.res" 1 kB 
[2018-03-20 15:20:55]: Added  : "Engine\Content\Internationalization\icudt53l\zone\en_PN.res" 1 kB 
[2018-03-20 15:20:55]: Added  : "Engine\Content\Internationalization\icudt53l\zone\en_PW.res" 1 kB 
[2018-03-20 15:20:55]: Added  : "Engine\Content\Internationalization\icudt53l\zone\en_RH.res" 1 kB 
[2018-03-20 15:20:55]: Added  : "Engine\Content\Internationalization\icudt53l\zone\en_RW.res" 1 kB 
[2018-03-20 15:20:55]: Added  : "Engine\Content\Internationalization\icudt53l\zone\en_SB.res" 1 kB 
[2018-03-20 15:20:55]: Added  : "Engine\Content\Internationalization\icudt53l\zone\en_SC.res" 1 kB 
[2018-03-20 15:20:55]: Added  : "Engine\Content\Internationalization\icudt53l\zone\en_SD.res" 1 kB 
[2018-03-20 15:20:55]: Added  : "Engine\Content\Internationalization\icudt53l\zone\en_SG.res" 1 kB 
[2018-03-20 15:20:55]: Added  : "Engine\Content\Internationalization\icudt53l\zone\en_SH.res" 1 kB 
[2018-03-20 15:20:55]: Added  : "Engine\Content\Internationalization\icudt53l\zone\en_SL.res" 1 kB 
[2018-03-20 15:20:55]: Added  : "Engine\Content\Internationalization\icudt53l\zone\en_SS.res" 1 kB 
[2018-03-20 15:20:55]: Added  : "Engine\Content\Internationalization\icudt53l\zone\en_SX.res" 1 kB 
[2018-03-20 15:20:55]: Added  : "Engine\Content\Internationalization\icudt53l\zone\en_SZ.res" 1 kB 
[2018-03-20 15:20:55]: Added  : "Engine\Content\Internationalization\icudt53l\zone\en_TC.res" 1 kB 
[2018-03-20 15:20:55]: Added  : "Engine\Content\Internationalization\icudt53l\zone\en_TK.res" 1 kB 
[2018-03-20 15:20:55]: Added  : "Engine\Content\Internationalization\icudt53l\zone\en_TO.res" 1 kB 
[2018-03-20 15:20:55]: Added  : "Engine\Content\Internationalization\icudt53l\zone\en_TT.res" 1 kB 
[2018-03-20 15:20:55]: Added  : "Engine\Content\Internationalization\icudt53l\zone\en_TV.res" 1 kB 
[2018-03-20 15:20:55]: Added  : "Engine\Content\Internationalization\icudt53l\zone\en_TZ.res" 1 kB 
[2018-03-20 15:20:55]: Added  : "Engine\Content\Internationalization\icudt53l\zone\en_UG.res" 1 kB 
[2018-03-20 15:20:55]: Added  : "Engine\Content\Internationalization\icudt53l\zone\en_VC.res" 1 kB 
[2018-03-20 15:20:55]: Added  : "Engine\Content\Internationalization\icudt53l\zone\en_VG.res" 1 kB 
[2018-03-20 15:20:55]: Added  : "Engine\Content\Internationalization\icudt53l\zone\en_VU.res" 1 kB 
[2018-03-20 15:20:55]: Added  : "Engine\Content\Internationalization\icudt53l\zone\en_WS.res" 1 kB 
[2018-03-20 15:20:55]: Added  : "Engine\Content\Internationalization\icudt53l\zone\en_ZA.res" 1 kB 
[2018-03-20 15:20:55]: Added  : "Engine\Content\Internationalization\icudt53l\zone\en_ZM.res" 1 kB 
[2018-03-20 15:20:55]: Added  : "Engine\Content\Internationalization\icudt53l\zone\en_ZW.res" 1 kB 
[2018-03-20 15:20:55]: Added  : "Engine\Content\Internationalization\icudt53l\zone\leet.res" 16 kB 
[2018-03-20 15:20:55]: Added  : "Engine\Content\Internationalization\icudt53l\zone\pool.res" 10 kB 
[2018-03-20 15:20:55]: Added  : "Engine\Content\Internationalization\icudt53l\zone\res_index.res" 1 kB 
[2018-03-20 15:20:55]: Added  : "Engine\Content\Internationalization\icudt53l\zone\root.res" 2 kB 
[2018-03-20 15:20:55]: Added  : "Engine\Content\Localization" 0 kB ,Flags: 64
[2018-03-20 15:20:55]: Added  : "Engine\Content\Localization\Engine" 0 kB ,Flags: 64
[2018-03-20 15:20:55]: Added  : "Engine\Content\Localization\Engine\en" 0 kB ,Flags: 64
[2018-03-20 15:20:55]: Added  : "Engine\Content\Localization\Engine\Engine.locmeta" 1 kB 
[2018-03-20 15:20:55]: Added  : "Engine\Content\Localization\Engine\en\Engine.locres" 614 kB 
[2018-03-20 15:20:55]: Added  : "Engine\Content\Maps" 0 kB ,Flags: 64
[2018-03-20 15:20:55]: Added  : "Engine\Content\Maps\Entry.uexp" 8 kB 
[2018-03-20 15:20:55]: Added  : "Engine\Content\Maps\Entry.umap" 5 kB 
[2018-03-20 15:20:55]: Added  : "Engine\Content\Maps\Templates" 0 kB ,Flags: 64
[2018-03-20 15:20:55]: Added  : "Engine\Content\Maps\Templates\Thumbnails" 0 kB ,Flags: 64
[2018-03-20 15:20:55]: Added  : "Engine\Content\Maps\Templates\Thumbnails\Default.uasset" 1 kB 
[2018-03-20 15:20:55]: Added  : "Engine\Content\Maps\Templates\Thumbnails\Default.uexp" 157 kB 
[2018-03-20 15:20:55]: Added  : "Engine\Content\Maps\Templates\Thumbnails\VR-Basic.uasset" 1 kB 
[2018-03-20 15:20:55]: Added  : "Engine\Content\Maps\Templates\Thumbnails\VR-Basic.uexp" 157 kB 
[2018-03-20 15:20:55]: Added  : "Engine\Content\MobileResources" 0 kB ,Flags: 64
[2018-03-20 15:20:55]: Added  : "Engine\Content\MobileResources\HUD" 0 kB ,Flags: 64
[2018-03-20 15:20:55]: Added  : "Engine\Content\MobileResources\HUD\AnalogHat.uasset" 1 kB 
[2018-03-20 15:20:55]: Added  : "Engine\Content\MobileResources\HUD\AnalogHat.uexp" 2 kB 
[2018-03-20 15:20:55]: Added  : "Engine\Content\MobileResources\HUD\DefaultVirtualJoysticks.uasset" 2 kB 
[2018-03-20 15:20:55]: Added  : "Engine\Content\MobileResources\HUD\DefaultVirtualJoysticks.uexp" 2 kB 
[2018-03-20 15:20:55]: Added  : "Engine\Content\MobileResources\HUD\LeftVirtualJoystickOnly.uasset" 2 kB 
[2018-03-20 15:20:55]: Added  : "Engine\Content\MobileResources\HUD\LeftVirtualJoystickOnly.uexp" 1 kB 
[2018-03-20 15:20:55]: Added  : "Engine\Content\MobileResources\HUD\MobileHUDButton1_off.uasset" 1 kB 
[2018-03-20 15:20:55]: Added  : "Engine\Content\MobileResources\HUD\MobileHUDButton1_off.uexp" 4 kB 
[2018-03-20 15:20:55]: Added  : "Engine\Content\MobileResources\HUD\MobileHUDButton1_on.uasset" 1 kB 
[2018-03-20 15:20:55]: Added  : "Engine\Content\MobileResources\HUD\MobileHUDButton1_on.uexp" 4 kB 
[2018-03-20 15:20:55]: Added  : "Engine\Content\MobileResources\HUD\MobileHUDButton2_off.uasset" 1 kB 
[2018-03-20 15:20:55]: Added  : "Engine\Content\MobileResources\HUD\MobileHUDButton2_off.uexp" 6 kB 
[2018-03-20 15:20:55]: Added  : "Engine\Content\MobileResources\HUD\MobileHUDButton2_on.uasset" 1 kB 
[2018-03-20 15:20:55]: Added  : "Engine\Content\MobileResources\HUD\MobileHUDButton2_on.uexp" 6 kB 
[2018-03-20 15:20:55]: Added  : "Engine\Content\MobileResources\HUD\MobileHUDButton3.uasset" 1 kB 
[2018-03-20 15:20:55]: Added  : "Engine\Content\MobileResources\HUD\MobileHUDButton3.uexp" 2 kB 
[2018-03-20 15:20:55]: Added  : "Engine\Content\MobileResources\HUD\MobileHUDButtonFire.uasset" 1 kB 
[2018-03-20 15:20:55]: Added  : "Engine\Content\MobileResources\HUD\MobileHUDButtonFire.uexp" 6 kB 
[2018-03-20 15:20:55]: Added  : "Engine\Content\MobileResources\HUD\MobileHUDDirectionPad.uasset" 1 kB 
[2018-03-20 15:20:55]: Added  : "Engine\Content\MobileResources\HUD\MobileHUDDirectionPad.uexp" 22 kB 
[2018-03-20 15:20:55]: Added  : "Engine\Content\MobileResources\HUD\MobileHUDDirectionPad2.uasset" 1 kB 
[2018-03-20 15:20:55]: Added  : "Engine\Content\MobileResources\HUD\MobileHUDDirectionPad2.uexp" 44 kB 
[2018-03-20 15:20:55]: Added  : "Engine\Content\MobileResources\HUD\MobileHUDDirectionPad3.uasset" 1 kB 
[2018-03-20 15:20:55]: Added  : "Engine\Content\MobileResources\HUD\MobileHUDDirectionPad3.uexp" 44 kB 
[2018-03-20 15:20:55]: Added  : "Engine\Content\MobileResources\HUD\MobileHUDDirectionStick.uasset" 1 kB 
[2018-03-20 15:20:55]: Added  : "Engine\Content\MobileResources\HUD\MobileHUDDirectionStick.uexp" 6 kB 
[2018-03-20 15:20:55]: Added  : "Engine\Content\MobileResources\HUD\T_Castle_ThumbstickInner.uasset" 1 kB 
[2018-03-20 15:20:55]: Added  : "Engine\Content\MobileResources\HUD\T_Castle_ThumbstickInner.uexp" 17 kB 
[2018-03-20 15:20:55]: Added  : "Engine\Content\MobileResources\HUD\T_Castle_ThumbstickOutter.uasset" 1 kB 
[2018-03-20 15:20:55]: Added  : "Engine\Content\MobileResources\HUD\T_Castle_ThumbstickOutter.uexp" 65 kB 
[2018-03-20 15:20:55]: Added  : "Engine\Content\MobileResources\HUD\VirtualJoystick_Background.uasset" 1 kB 
[2018-03-20 15:20:55]: Added  : "Engine\Content\MobileResources\HUD\VirtualJoystick_Background.uexp" 257 kB 
[2018-03-20 15:20:55]: Added  : "Engine\Content\MobileResources\HUD\VirtualJoystick_Thumb.uasset" 1 kB 
[2018-03-20 15:20:55]: Added  : "Engine\Content\MobileResources\HUD\VirtualJoystick_Thumb.uexp" 17 kB 
[2018-03-20 15:20:55]: Added  : "Engine\Content\MobileResources\T_MobileControls_texture.uasset" 1 kB 
[2018-03-20 15:20:55]: Added  : "Engine\Content\MobileResources\T_MobileControls_texture.uexp" 342 kB 
[2018-03-20 15:20:55]: Added  : "Engine\Content\MobileResources\T_MobileMenu2.uasset" 1 kB 
[2018-03-20 15:20:55]: Added  : "Engine\Content\MobileResources\T_MobileMenu2.uexp" 342 kB 
[2018-03-20 15:20:55]: Added  : "Engine\Content\Slate" 0 kB ,Flags: 64
[2018-03-20 15:20:55]: Added  : "Engine\Content\Slate\Checkerboard.png" 3 kB 
[2018-03-20 15:20:55]: Added  : "Engine\Content\Slate\Common" 0 kB ,Flags: 64
[2018-03-20 15:20:55]: Added  : "Engine\Content\Slate\Common\BoxShadow.png" 4 kB 
[2018-03-20 15:20:55]: Added  : "Engine\Content\Slate\Common\Button.png" 3 kB 
[2018-03-20 15:20:55]: Added  : "Engine\Content\Slate\Common\Button_Disabled.png" 3 kB 
[2018-03-20 15:20:55]: Added  : "Engine\Content\Slate\Common\Button_Hovered.png" 4 kB 
[2018-03-20 15:20:55]: Added  : "Engine\Content\Slate\Common\Button_Pressed.png" 3 kB 
[2018-03-20 15:20:55]: Added  : "Engine\Content\Slate\Common\Check.png" 3 kB 
[2018-03-20 15:20:55]: Added  : "Engine\Content\Slate\Common\CheckBox.png" 3 kB 
[2018-03-20 15:20:55]: Added  : "Engine\Content\Slate\Common\CheckBox_Checked.png" 3 kB 
[2018-03-20 15:20:55]: Added  : "Engine\Content\Slate\Common\CheckBox_Checked_Hovered.png" 3 kB 
[2018-03-20 15:20:55]: Added  : "Engine\Content\Slate\Common\CheckBox_Hovered.png" 3 kB 
[2018-03-20 15:20:55]: Added  : "Engine\Content\Slate\Common\CheckBox_Undetermined.png" 3 kB 
[2018-03-20 15:20:55]: Added  : "Engine\Content\Slate\Common\CheckBox_Undetermined_Hovered.png" 3 kB 
[2018-03-20 15:20:55]: Added  : "Engine\Content\Slate\Common\Checker.png" 3 kB 
[2018-03-20 15:20:55]: Added  : "Engine\Content\Slate\Common\Circle.png" 3 kB 
[2018-03-20 15:20:55]: Added  : "Engine\Content\Slate\Common\ColorGradingWheel.png" 35 kB 
[2018-03-20 15:20:55]: Added  : "Engine\Content\Slate\Common\ColorPicker_Mode_16x.png" 1 kB 
[2018-03-20 15:20:55]: Added  : "Engine\Content\Slate\Common\ColorPicker_Separator.png" 1 kB 
[2018-03-20 15:20:55]: Added  : "Engine\Content\Slate\Common\ColorPicker_SliderHandle.png" 1 kB 
[2018-03-20 15:20:55]: Added  : "Engine\Content\Slate\Common\ColorSpectrum.png" 261 kB 
[2018-03-20 15:20:55]: Added  : "Engine\Content\Slate\Common\ColorWheel.png" 71 kB 
[2018-03-20 15:20:55]: Added  : "Engine\Content\Slate\Common\ColumnHeader.png" 3 kB 
[2018-03-20 15:20:55]: Added  : "Engine\Content\Slate\Common\ColumnHeaderMenuButton_Hovered.png" 8 kB 
[2018-03-20 15:20:55]: Added  : "Engine\Content\Slate\Common\ColumnHeaderMenuButton_Normal.png" 8 kB 
[2018-03-20 15:20:55]: Added  : "Engine\Content\Slate\Common\ColumnHeader_Arrow.png" 1 kB 
[2018-03-20 15:20:55]: Added  : "Engine\Content\Slate\Common\ColumnHeader_Hovered.png" 4 kB 
[2018-03-20 15:20:55]: Added  : "Engine\Content\Slate\Common\ComboArrow.png" 3 kB 
[2018-03-20 15:20:55]: Added  : "Engine\Content\Slate\Common\CursorPing.png" 18 kB 
[2018-03-20 15:20:55]: Added  : "Engine\Content\Slate\Common\DebugBorder.PNG" 3 kB 
[2018-03-20 15:20:55]: Added  : "Engine\Content\Slate\Common\Delimiter.png" 3 kB 
[2018-03-20 15:20:55]: Added  : "Engine\Content\Slate\Common\DownArrow.png" 3 kB 
[2018-03-20 15:20:55]: Added  : "Engine\Content\Slate\Common\DropZoneIndicator_Above.png" 16 kB 
[2018-03-20 15:20:55]: Added  : "Engine\Content\Slate\Common\DropZoneIndicator_Below.png" 16 kB 
[2018-03-20 15:20:55]: Added  : "Engine\Content\Slate\Common\DropZoneIndicator_Onto.png" 16 kB 
[2018-03-20 15:20:55]: Added  : "Engine\Content\Slate\Common\EditableTextSelectionBackground.png" 3 kB 
[2018-03-20 15:20:55]: Added  : "Engine\Content\Slate\Common\EventMessage_Default.png" 4 kB 
[2018-03-20 15:20:55]: Added  : "Engine\Content\Slate\Common\ExpansionButton_CloseOverlay.png" 1 kB 
[2018-03-20 15:20:55]: Added  : "Engine\Content\Slate\Common\GroupBorder.png" 3 kB 
[2018-03-20 15:20:55]: Added  : "Engine\Content\Slate\Common\HeaderSplitterGrip.PNG" 3 kB 
[2018-03-20 15:20:55]: Added  : "Engine\Content\Slate\Common\LastColumnHeader_Hovered.png" 4 kB 
[2018-03-20 15:20:55]: Added  : "Engine\Content\Slate\Common\NoiseBackground.png" 6 kB 
[2018-03-20 15:20:55]: Added  : "Engine\Content\Slate\Common\ProgressBar_Background.png" 3 kB 
[2018-03-20 15:20:55]: Added  : "Engine\Content\Slate\Common\ProgressBar_Fill.png" 3 kB 
[2018-03-20 15:20:55]: Added  : "Engine\Content\Slate\Common\ProgressBar_Marquee.PNG" 3 kB 
[2018-03-20 15:20:55]: Added  : "Engine\Content\Slate\Common\RadioButton_SelectedBack_16x.png" 3 kB 
[2018-03-20 15:20:55]: Added  : "Engine\Content\Slate\Common\RadioButton_Selected_16x.png" 4 kB 
[2018-03-20 15:20:55]: Added  : "Engine\Content\Slate\Common\RadioButton_Unselected_16x.png" 17 kB 
[2018-03-20 15:20:55]: Added  : "Engine\Content\Slate\Common\RoundedSelection_16x.PNG" 3 kB 
[2018-03-20 15:20:55]: Added  : "Engine\Content\Slate\Common\Scrollbar_Background_Horizontal.png" 3 kB 
[2018-03-20 15:20:55]: Added  : "Engine\Content\Slate\Common\Scrollbar_Background_Vertical.png" 3 kB 
[2018-03-20 15:20:55]: Added  : "Engine\Content\Slate\Common\Scrollbar_Thumb.png" 3 kB 
[2018-03-20 15:20:55]: Added  : "Engine\Content\Slate\Common\ScrollBorderShadowBottom.png" 3 kB 
[2018-03-20 15:20:55]: Added  : "Engine\Content\Slate\Common\ScrollBorderShadowTop.png" 3 kB 
[2018-03-20 15:20:55]: Added  : "Engine\Content\Slate\Common\ScrollBoxShadowBottom.png" 3 kB 
[2018-03-20 15:20:55]: Added  : "Engine\Content\Slate\Common\ScrollBoxShadowLeft.png" 3 kB 
[2018-03-20 15:20:55]: Added  : "Engine\Content\Slate\Common\ScrollBoxShadowRight.png" 3 kB 
[2018-03-20 15:20:55]: Added  : "Engine\Content\Slate\Common\ScrollBoxShadowTop.png" 3 kB 
[2018-03-20 15:20:55]: Added  : "Engine\Content\Slate\Common\SearchGlass.PNG" 3 kB 
[2018-03-20 15:20:55]: Added  : "Engine\Content\Slate\Common\Selection.png" 3 kB 
[2018-03-20 15:20:55]: Added  : "Engine\Content\Slate\Common\Selector.png" 3 kB 
[2018-03-20 15:20:55]: Added  : "Engine\Content\Slate\Common\Separator.png" 3 kB 
[2018-03-20 15:20:55]: Added  : "Engine\Content\Slate\Common\SmallCheck.png" 3 kB 
[2018-03-20 15:20:55]: Added  : "Engine\Content\Slate\Common\SmallCheckBox.png" 3 kB 
[2018-03-20 15:20:55]: Added  : "Engine\Content\Slate\Common\SmallCheckBox_Checked.png" 3 kB 
[2018-03-20 15:20:55]: Added  : "Engine\Content\Slate\Common\SmallCheckBox_Checked_Hovered.png" 3 kB 
[2018-03-20 15:20:55]: Added  : "Engine\Content\Slate\Common\SmallCheckBox_Hovered.png" 3 kB 
[2018-03-20 15:20:55]: Added  : "Engine\Content\Slate\Common\SmallCheckBox_Undetermined.png" 3 kB 
[2018-03-20 15:20:55]: Added  : "Engine\Content\Slate\Common\SmallCheckBox_Undetermined_Hovered.png" 3 kB 
[2018-03-20 15:20:55]: Added  : "Engine\Content\Slate\Common\SortDownArrow.png" 3 kB 
[2018-03-20 15:20:55]: ... not all added files listed above (1000/2895)
[2018-03-20 15:20:55]: Summary: 2895 files added, 0 files changed, 0 files removed
[2018-03-20 15:20:55]: Uploading new manifest to 208.64.201.57:80 (handle 7065637507934963593, 470736 bytes).
[2018-03-20 15:20:57]: Uploading 500 out of 2425 missing chunks.
[2018-03-20 15:21:25]: Uploading 500 out of 1925 missing chunks.
[2018-03-20 15:21:52]: Uploading 500 out of 1425 missing chunks.
[2018-03-20 15:22:18]: Uploading 500 out of 925 missing chunks.
[2018-03-20 15:22:45]: Uploading 425 out of 425 missing chunks.
[2018-03-20 15:23:16]: Success! New manifestID 5097810774094658712 created and 2425 new chunks uploaded.
